RUN	info.ragozin.loadlab.wp.simulations.RandomPostCommentRPS	randompostcommentrps	1558943469238	 	3.1.2
USER	RandomPostCommentRPS	1	START	1558943482174	1558943482174
USER	RandomPostCommentRPS	2	START	1558943482369	1558943482369
USER	RandomPostCommentRPS	3	START	1558943482569	1558943482569
USER	RandomPostCommentRPS	4	START	1558943482770	1558943482770
USER	RandomPostCommentRPS	5	START	1558943482969	1558943482969
USER	RandomPostCommentRPS	6	START	1558943483170	1558943483170
USER	RandomPostCommentRPS	7	START	1558943483370	1558943483370
USER	RandomPostCommentRPS	8	START	1558943483579	1558943483579
USER	RandomPostCommentRPS	9	START	1558943483779	1558943483779
USER	RandomPostCommentRPS	10	START	1558943483979	1558943483979
USER	RandomPostCommentRPS	11	START	1558943484180	1558943484180
USER	RandomPostCommentRPS	12	START	1558943484369	1558943484369
USER	RandomPostCommentRPS	13	START	1558943484569	1558943484569
REQUEST	1		/wp/v2/posts?{page} (GET)	1558943484161	1558943484602	OK	 
USER	RandomPostCommentRPS	14	START	1558943484770	1558943484770
USER	RandomPostCommentRPS	15	START	1558943484969	1558943484969
USER	RandomPostCommentRPS	16	START	1558943485170	1558943485170
REQUEST	2		/wp/v2/posts?{page} (GET)	1558943485160	1558943485236	OK	 
USER	RandomPostCommentRPS	17	START	1558943485369	1558943485369
USER	RandomPostCommentRPS	18	START	1558943485570	1558943485570
USER	RandomPostCommentRPS	19	START	1558943485769	1558943485769
USER	RandomPostCommentRPS	20	START	1558943485970	1558943485970
USER	RandomPostCommentRPS	21	START	1558943486169	1558943486169
USER	RandomPostCommentRPS	22	START	1558943486369	1558943486369
REQUEST	3		/wp/v2/posts?{page} (GET)	1558943486161	1558943486405	OK	 
USER	RandomPostCommentRPS	23	START	1558943486570	1558943486570
USER	RandomPostCommentRPS	24	START	1558943486770	1558943486770
USER	RandomPostCommentRPS	25	START	1558943486970	1558943486970
USER	RandomPostCommentRPS	26	START	1558943487170	1558943487170
USER	RandomPostCommentRPS	27	START	1558943487370	1558943487370
REQUEST	4		/wp/v2/posts?{page} (GET)	1558943487161	1558943487406	OK	 
USER	RandomPostCommentRPS	28	START	1558943487569	1558943487569
USER	RandomPostCommentRPS	29	START	1558943487769	1558943487769
USER	RandomPostCommentRPS	30	START	1558943487969	1558943487969
REQUEST	5		/wp/v2/posts?{page} (GET)	1558943487679	1558943488006	OK	 
USER	RandomPostCommentRPS	31	START	1558943488170	1558943488170
USER	RandomPostCommentRPS	32	START	1558943488369	1558943488369
REQUEST	6		/wp/v2/posts?{page} (GET)	1558943488161	1558943488406	OK	 
USER	RandomPostCommentRPS	33	START	1558943488569	1558943488569
USER	RandomPostCommentRPS	34	START	1558943488769	1558943488769
USER	RandomPostCommentRPS	35	START	1558943488969	1558943488969
REQUEST	7		/wp/v2/posts?{page} (GET)	1558943488680	1558943489104	OK	 
USER	RandomPostCommentRPS	36	START	1558943489169	1558943489169
USER	RandomPostCommentRPS	37	START	1558943489369	1558943489369
REQUEST	8		/wp/v2/posts?{page} (GET)	1558943489160	1558943489401	OK	 
USER	RandomPostCommentRPS	38	START	1558943489569	1558943489569
USER	RandomPostCommentRPS	39	START	1558943489769	1558943489769
USER	RandomPostCommentRPS	40	START	1558943489970	1558943489970
REQUEST	9		/wp/v2/posts?{page} (GET)	1558943489679	1558943490016	OK	 
USER	RandomPostCommentRPS	41	START	1558943490169	1558943490169
USER	RandomPostCommentRPS	42	START	1558943490369	1558943490369
REQUEST	10		/wp/v2/posts?{page} (GET)	1558943490161	1558943490405	OK	 
USER	RandomPostCommentRPS	43	START	1558943490570	1558943490570
USER	RandomPostCommentRPS	44	START	1558943490769	1558943490769
REQUEST	11		/wp/v2/posts?{page} (GET)	1558943490519	1558943490804	OK	 
USER	RandomPostCommentRPS	45	START	1558943490970	1558943490970
REQUEST	12		/wp/v2/posts?{page} (GET)	1558943490849	1558943491101	OK	 
USER	RandomPostCommentRPS	46	START	1558943491169	1558943491169
REQUEST	13		/wp/v2/posts?{page} (GET)	1558943491160	1558943491237	OK	 
USER	RandomPostCommentRPS	47	START	1558943491370	1558943491370
USER	RandomPostCommentRPS	48	START	1558943491569	1558943491569
REQUEST	1		/wp/v2/posts?page/{id} (GET)	1558943491520	1558943491621	OK	 
USER	RandomPostCommentRPS	49	START	1558943491769	1558943491769
USER	RandomPostCommentRPS	50	START	1558943491970	1558943491970
REQUEST	14		/wp/v2/posts?{page} (GET)	1558943491850	1558943492104	OK	 
USER	RandomPostCommentRPS	51	START	1558943492170	1558943492170
USER	RandomPostCommentRPS	52	START	1558943492369	1558943492369
REQUEST	15		/wp/v2/posts?{page} (GET)	1558943492160	1558943492405	OK	 
USER	RandomPostCommentRPS	53	START	1558943492570	1558943492570
USER	RandomPostCommentRPS	54	START	1558943492769	1558943492769
REQUEST	16		/wp/v2/posts?{page} (GET)	1558943492520	1558943492802	OK	 
REQUEST	2		/wp/v2/posts?page/{id} (GET)	1558943492849	1558943492875	OK	 
USER	RandomPostCommentRPS	55	START	1558943492970	1558943492970
USER	RandomPostCommentRPS	56	START	1558943493170	1558943493170
REQUEST	17		/wp/v2/posts?{page} (GET)	1558943493161	1558943493317	OK	 
USER	RandomPostCommentRPS	57	START	1558943493369	1558943493369
REQUEST	18		/wp/v2/posts?{page} (GET)	1558943493429	1558943493558	OK	 
USER	RandomPostCommentRPS	58	START	1558943493569	1558943493569
USER	RandomPostCommentRPS	59	START	1558943493770	1558943493770
REQUEST	19		/wp/v2/posts?{page} (GET)	1558943493679	1558943493901	OK	 
USER	RandomPostCommentRPS	60	START	1558943493969	1558943493969
REQUEST	20		/wp/v2/posts?{page} (GET)	1558943493929	1558943494029	OK	 
USER	RandomPostCommentRPS	61	START	1558943494170	1558943494170
USER	RandomPostCommentRPS	62	START	1558943494369	1558943494369
REQUEST	21		/wp/v2/posts?{page} (GET)	1558943494160	1558943494408	OK	 
REQUEST	22		/wp/v2/posts?{page} (GET)	1558943494429	1558943494552	OK	 
USER	RandomPostCommentRPS	63	START	1558943494569	1558943494569
REQUEST	3		/wp/v2/posts?page/{id} (GET)	1558943494680	1558943494728	OK	 
USER	RandomPostCommentRPS	64	START	1558943494770	1558943494770
USER	RandomPostCommentRPS	65	START	1558943494969	1558943494969
USER	RandomPostCommentRPS	66	START	1558943495169	1558943495169
REQUEST	23		/wp/v2/posts?{page} (GET)	1558943494929	1558943495203	OK	 
REQUEST	24		/wp/v2/posts?{page} (GET)	1558943495160	1558943495315	OK	 
USER	RandomPostCommentRPS	67	START	1558943495370	1558943495370
USER	RandomPostCommentRPS	68	START	1558943495569	1558943495569
REQUEST	25		/wp/v2/posts?{page} (GET)	1558943495430	1558943495568	OK	 
USER	RandomPostCommentRPS	69	START	1558943495770	1558943495770
REQUEST	26		/wp/v2/posts?{page} (GET)	1558943495680	1558943495906	OK	 
USER	RandomPostCommentRPS	70	START	1558943495969	1558943495969
REQUEST	27		/wp/v2/posts?{page} (GET)	1558943495929	1558943496028	OK	 
USER	RandomPostCommentRPS	71	START	1558943496169	1558943496169
REQUEST	4		/wp/v2/posts?page/{id} (GET)	1558943496160	1558943496215	OK	 
USER	RandomPostCommentRPS	72	START	1558943496370	1558943496370
USER	RandomPostCommentRPS	73	START	1558943496569	1558943496569
REQUEST	28		/wp/v2/posts?{page} (GET)	1558943496379	1558943496604	OK	 
REQUEST	29		/wp/v2/posts?{page} (GET)	1558943496579	1558943496747	OK	 
USER	RandomPostCommentRPS	74	START	1558943496769	1558943496769
USER	RandomPostCommentRPS	75	START	1558943496969	1558943496969
REQUEST	30		/wp/v2/posts?{page} (GET)	1558943496779	1558943497008	OK	 
REQUEST	5		/wp/v2/posts?page/{id} (GET)	1558943496979	1558943497049	OK	 
USER	RandomPostCommentRPS	76	START	1558943497170	1558943497170
REQUEST	31		/wp/v2/posts?{page} (GET)	1558943497160	1558943497264	OK	 
USER	RandomPostCommentRPS	77	START	1558943497370	1558943497370
USER	RandomPostCommentRPS	78	START	1558943497569	1558943497569
REQUEST	32		/wp/v2/posts?{page} (GET)	1558943497379	1558943497602	OK	 
REQUEST	6		/wp/v2/posts?page/{id} (GET)	1558943497579	1558943497653	OK	 
USER	RandomPostCommentRPS	79	START	1558943497769	1558943497769
REQUEST	33		/wp/v2/posts?{page} (GET)	1558943497779	1558943497858	OK	 
USER	RandomPostCommentRPS	80	START	1558943497970	1558943497970
USER	RandomPostCommentRPS	81	START	1558943498169	1558943498169
REQUEST	34		/wp/v2/posts?{page} (GET)	1558943497979	1558943498207	OK	 
REQUEST	35		/wp/v2/posts?{page} (GET)	1558943498160	1558943498336	OK	 
USER	RandomPostCommentRPS	82	START	1558943498369	1558943498369
REQUEST	7		/wp/v2/posts?page/{id} (GET)	1558943498380	1558943498413	OK	 
USER	RandomPostCommentRPS	83	START	1558943498569	1558943498569
REQUEST	36		/wp/v2/posts?{page} (GET)	1558943498579	1558943498702	OK	 
USER	RandomPostCommentRPS	84	START	1558943498769	1558943498769
REQUEST	37		/wp/v2/posts?{page} (GET)	1558943498779	1558943498845	OK	 
USER	RandomPostCommentRPS	85	START	1558943498969	1558943498969
REQUEST	8		/wp/v2/posts?page/{id} (GET)	1558943498980	1558943499025	OK	 
USER	RandomPostCommentRPS	86	START	1558943499170	1558943499170
REQUEST	38		/wp/v2/posts?{page} (GET)	1558943499160	1558943499302	OK	 
USER	RandomPostCommentRPS	87	START	1558943499370	1558943499370
REQUEST	39		/wp/v2/posts?{page} (GET)	1558943499349	1558943499447	OK	 
USER	RandomPostCommentRPS	88	START	1558943499569	1558943499569
REQUEST	40		/wp/v2/posts?{page} (GET)	1558943499519	1558943499701	OK	 
REQUEST	9		/wp/v2/posts?page/{id} (GET)	1558943499679	1558943499726	OK	 
USER	RandomPostCommentRPS	89	START	1558943499769	1558943499769
USER	RandomPostCommentRPS	90	START	1558943499969	1558943499969
REQUEST	41		/wp/v2/posts?{page} (GET)	1558943499850	1558943500012	OK	 
REQUEST	42		/wp/v2/posts?{page} (GET)	1558943500019	1558943500110	OK	 
USER	RandomPostCommentRPS	91	START	1558943500170	1558943500170
REQUEST	10		/wp/v2/posts?page/{id} (GET)	1558943500160	1558943500209	OK	 
USER	RandomPostCommentRPS	92	START	1558943500369	1558943500369
REQUEST	43		/wp/v2/posts?{page} (GET)	1558943500349	1558943500463	OK	 
USER	RandomPostCommentRPS	93	START	1558943500570	1558943500570
REQUEST	44		/wp/v2/posts?{page} (GET)	1558943500519	1558943500662	OK	 
REQUEST	11		/wp/v2/posts?page/{id} (GET)	1558943500679	1558943500739	OK	 
USER	RandomPostCommentRPS	94	START	1558943500769	1558943500769
USER	RandomPostCommentRPS	95	START	1558943500969	1558943500969
REQUEST	45		/wp/v2/posts?{page} (GET)	1558943500850	1558943501004	OK	 
REQUEST	12		/wp/v2/posts?page/{id} (GET)	1558943501019	1558943501067	OK	 
USER	RandomPostCommentRPS	96	START	1558943501169	1558943501169
REQUEST	46		/wp/v2/posts?{page} (GET)	1558943501161	1558943501237	OK	 
USER	RandomPostCommentRPS	97	START	1558943501369	1558943501369
REQUEST	13		/wp/v2/posts?page/{id} (GET)	1558943501349	1558943501394	OK	 
USER	RandomPostCommentRPS	98	START	1558943501569	1558943501569
REQUEST	47		/wp/v2/posts?{page} (GET)	1558943501520	1558943501720	OK	 
USER	RandomPostCommentRPS	99	START	1558943501770	1558943501770
REQUEST	48		/wp/v2/posts?{page} (GET)	1558943501679	1558943501840	OK	 
REQUEST	1		/wp-json/wp/v2/comments (POST)	1558943501850	1558943501920	OK	 
USER	RandomPostCommentRPS	1	END	1558943482174	1558943501923
USER	RandomPostCommentRPS	100	START	1558943501969	1558943501969
USER	RandomPostCommentRPS	101	START	1558943502169	1558943502169
REQUEST	49		/wp/v2/posts?{page} (GET)	1558943502019	1558943502204	OK	 
REQUEST	50		/wp/v2/posts?{page} (GET)	1558943502159	1558943502348	OK	 
USER	RandomPostCommentRPS	102	START	1558943502369	1558943502369
REQUEST	14		/wp/v2/posts?page/{id} (GET)	1558943502329	1558943502413	OK	 
USER	RandomPostCommentRPS	103	START	1558943502569	1558943502569
REQUEST	51		/wp/v2/posts?{page} (GET)	1558943502469	1558943502570	OK	 
USER	RandomPostCommentRPS	104	START	1558943502770	1558943502770
REQUEST	52		/wp/v2/posts?{page} (GET)	1558943502609	1558943502801	OK	 
REQUEST	15		/wp/v2/posts?page/{id} (GET)	1558943502759	1558943502842	OK	 
USER	RandomPostCommentRPS	105	START	1558943502969	1558943502969
REQUEST	53		/wp/v2/posts?{page} (GET)	1558943502900	1558943503104	OK	 
USER	RandomPostCommentRPS	106	START	1558943503170	1558943503170
REQUEST	16		/wp/v2/posts?page/{id} (GET)	1558943503160	1558943503329	OK	 
USER	RandomPostCommentRPS	107	START	1558943503369	1558943503369
REQUEST	54		/wp/v2/posts?{page} (GET)	1558943503039	1558943503427	OK	 
REQUEST	2		/wp-json/wp/v2/comments (POST)	1558943503329	1558943503443	OK	 
USER	RandomPostCommentRPS	2	END	1558943482369	1558943503443
USER	RandomPostCommentRPS	108	START	1558943503569	1558943503569
REQUEST	55		/wp/v2/posts?{page} (GET)	1558943503469	1558943503605	OK	 
REQUEST	56		/wp/v2/posts?{page} (GET)	1558943503609	1558943503748	OK	 
USER	RandomPostCommentRPS	109	START	1558943503769	1558943503769
REQUEST	17		/wp/v2/posts?page/{id} (GET)	1558943503759	1558943503822	OK	 
USER	RandomPostCommentRPS	110	START	1558943503969	1558943503969
REQUEST	57		/wp/v2/posts?{page} (GET)	1558943503899	1558943504051	OK	 
REQUEST	18		/wp/v2/posts?page/{id} (GET)	1558943504039	1558943504138	OK	 
USER	RandomPostCommentRPS	111	START	1558943504169	1558943504169
USER	RandomPostCommentRPS	112	START	1558943504370	1558943504370
REQUEST	58		/wp/v2/posts?{page} (GET)	1558943504160	1558943504404	OK	 
USER	RandomPostCommentRPS	113	START	1558943504570	1558943504570
REQUEST	19		/wp/v2/posts?page/{id} (GET)	1558943504469	1558943504620	OK	 
REQUEST	59		/wp/v2/posts?{page} (GET)	1558943504329	1558943504633	OK	 
USER	RandomPostCommentRPS	114	START	1558943504769	1558943504769
REQUEST	60		/wp/v2/posts?{page} (GET)	1558943504609	1558943504806	OK	 
REQUEST	20		/wp/v2/posts?page/{id} (GET)	1558943504760	1558943504831	OK	 
USER	RandomPostCommentRPS	115	START	1558943504969	1558943504969
REQUEST	61		/wp/v2/posts?{page} (GET)	1558943504899	1558943505128	OK	 
USER	RandomPostCommentRPS	116	START	1558943505169	1558943505169
REQUEST	21		/wp/v2/posts?page/{id} (GET)	1558943505159	1558943505247	OK	 
REQUEST	62		/wp/v2/posts?{page} (GET)	1558943505039	1558943505303	OK	 
REQUEST	22		/wp/v2/posts?page/{id} (GET)	1558943505309	1558943505349	OK	 
USER	RandomPostCommentRPS	117	START	1558943505369	1558943505369
REQUEST	63		/wp/v2/posts?{page} (GET)	1558943505430	1558943505543	OK	 
USER	RandomPostCommentRPS	118	START	1558943505570	1558943505570
REQUEST	3		/wp-json/wp/v2/comments (POST)	1558943505559	1558943505632	OK	 
USER	RandomPostCommentRPS	3	END	1558943482569	1558943505633
USER	RandomPostCommentRPS	119	START	1558943505770	1558943505770
REQUEST	64		/wp/v2/posts?{page} (GET)	1558943505679	1558943505901	OK	 
REQUEST	65		/wp/v2/posts?{page} (GET)	1558943505809	1558943505949	OK	 
USER	RandomPostCommentRPS	120	START	1558943505969	1558943505969
REQUEST	23		/wp/v2/posts?page/{id} (GET)	1558943506059	1558943506140	OK	 
USER	RandomPostCommentRPS	121	START	1558943506169	1558943506169
REQUEST	66		/wp/v2/posts?{page} (GET)	1558943505929	1558943506234	OK	 
REQUEST	24		/wp/v2/posts?page/{id} (GET)	1558943506160	1558943506248	OK	 
USER	RandomPostCommentRPS	122	START	1558943506369	1558943506369
REQUEST	67		/wp/v2/posts?{page} (GET)	1558943506310	1558943506503	OK	 
USER	RandomPostCommentRPS	123	START	1558943506569	1558943506569
REQUEST	25		/wp/v2/posts?page/{id} (GET)	1558943506559	1558943506655	OK	 
USER	RandomPostCommentRPS	124	START	1558943506769	1558943506769
REQUEST	68		/wp/v2/posts?{page} (GET)	1558943506429	1558943506901	OK	 
REQUEST	69		/wp/v2/posts?{page} (GET)	1558943506680	1558943506951	OK	 
USER	RandomPostCommentRPS	125	START	1558943506969	1558943506969
REQUEST	26		/wp/v2/posts?page/{id} (GET)	1558943506810	1558943507045	OK	 
REQUEST	27		/wp/v2/posts?page/{id} (GET)	1558943507059	1558943507150	OK	 
USER	RandomPostCommentRPS	126	START	1558943507169	1558943507169
REQUEST	70		/wp/v2/posts?{page} (GET)	1558943506929	1558943507250	OK	 
USER	RandomPostCommentRPS	127	START	1558943507370	1558943507370
REQUEST	4		/wp-json/wp/v2/comments (POST)	1558943507309	1558943507421	OK	 
USER	RandomPostCommentRPS	4	END	1558943482770	1558943507422
REQUEST	71		/wp/v2/posts?{page} (GET)	1558943507160	1558943507522	OK	 
USER	RandomPostCommentRPS	128	START	1558943507569	1558943507569
REQUEST	72		/wp/v2/posts?{page} (GET)	1558943507429	1558943507759	OK	 
USER	RandomPostCommentRPS	129	START	1558943507769	1558943507769
REQUEST	28		/wp/v2/posts?page/{id} (GET)	1558943507680	1558943507829	OK	 
REQUEST	29		/wp/v2/posts?page/{id} (GET)	1558943507810	1558943507918	OK	 
USER	RandomPostCommentRPS	130	START	1558943507969	1558943507969
REQUEST	73		/wp/v2/posts?{page} (GET)	1558943507560	1558943508051	OK	 
USER	RandomPostCommentRPS	131	START	1558943508169	1558943508169
REQUEST	74		/wp/v2/posts?{page} (GET)	1558943507930	1558943508304	OK	 
REQUEST	30		/wp/v2/posts?page/{id} (GET)	1558943508159	1558943508328	OK	 
USER	RandomPostCommentRPS	132	START	1558943508370	1558943508370
REQUEST	5		/wp-json/wp/v2/comments (POST)	1558943508300	1558943508429	KO	status.find.in(200,201,202,203,204,205,206,207,208,209,304), found 409
USER	RandomPostCommentRPS	5	END	1558943482969	1558943508436
REQUEST	75		/wp/v2/posts?{page} (GET)	1558943508059	1558943508559	OK	 
USER	RandomPostCommentRPS	133	START	1558943508569	1558943508569
REQUEST	31		/wp/v2/posts?page/{id} (GET)	1558943508519	1558943508725	OK	 
USER	RandomPostCommentRPS	134	START	1558943508769	1558943508769
REQUEST	76		/wp/v2/posts?{page} (GET)	1558943508410	1558943508958	OK	 
USER	RandomPostCommentRPS	135	START	1558943508969	1558943508969
REQUEST	32		/wp/v2/posts?page/{id} (GET)	1558943508849	1558943509051	OK	 
REQUEST	77		/wp/v2/posts?{page} (GET)	1558943508629	1558943509129	OK	 
USER	RandomPostCommentRPS	136	START	1558943509170	1558943509170
REQUEST	6		/wp-json/wp/v2/comments (POST)	1558943508959	1558943509234	OK	 
USER	RandomPostCommentRPS	6	END	1558943483170	1558943509235
REQUEST	33		/wp/v2/posts?page/{id} (GET)	1558943509160	1558943509355	OK	 
USER	RandomPostCommentRPS	137	START	1558943509369	1558943509369
REQUEST	78		/wp/v2/posts?{page} (GET)	1558943508740	1558943509507	OK	 
USER	RandomPostCommentRPS	138	START	1558943509569	1558943509569
REQUEST	34		/wp/v2/posts?page/{id} (GET)	1558943509519	1558943509714	OK	 
USER	RandomPostCommentRPS	139	START	1558943509769	1558943509769
REQUEST	35		/wp/v2/posts?page/{id} (GET)	1558943509630	1558943509912	OK	 
USER	RandomPostCommentRPS	140	START	1558943509969	1558943509969
REQUEST	80		/wp/v2/posts?{page} (GET)	1558943509300	1558943510019	OK	 
REQUEST	79		/wp/v2/posts?{page} (GET)	1558943509069	1558943510031	OK	 
REQUEST	81		/wp/v2/posts?{page} (GET)	1558943509409	1558943510150	OK	 
USER	RandomPostCommentRPS	141	START	1558943510169	1558943510169
REQUEST	7		/wp-json/wp/v2/comments (POST)	1558943509849	1558943510227	OK	 
USER	RandomPostCommentRPS	7	END	1558943483370	1558943510228
REQUEST	36		/wp/v2/posts?page/{id} (GET)	1558943510069	1558943510350	OK	 
USER	RandomPostCommentRPS	142	START	1558943510369	1558943510369
USER	RandomPostCommentRPS	143	START	1558943510569	1558943510569
REQUEST	37		/wp/v2/posts?page/{id} (GET)	1558943510300	1558943510610	OK	 
REQUEST	82		/wp/v2/posts?{page} (GET)	1558943509739	1558943510707	OK	 
USER	RandomPostCommentRPS	144	START	1558943510769	1558943510769
USER	RandomPostCommentRPS	145	START	1558943510970	1558943510970
REQUEST	38		/wp/v2/posts?page/{id} (GET)	1558943510739	1558943511024	OK	 
REQUEST	8		/wp-json/wp/v2/comments (POST)	1558943510519	1558943511102	OK	 
USER	RandomPostCommentRPS	8	END	1558943483579	1558943511103
REQUEST	83		/wp/v2/posts?{page} (GET)	1558943509959	1558943511110	OK	 
USER	RandomPostCommentRPS	146	START	1558943511169	1558943511169
REQUEST	84		/wp/v2/posts?{page} (GET)	1558943510160	1558943511205	OK	 
USER	RandomPostCommentRPS	147	START	1558943511369	1558943511369
REQUEST	39		/wp/v2/posts?page/{id} (GET)	1558943510959	1558943511430	OK	 
REQUEST	40		/wp/v2/posts?page/{id} (GET)	1558943511159	1558943511568	OK	 
USER	RandomPostCommentRPS	148	START	1558943511569	1558943511569
REQUEST	85		/wp/v2/posts?{page} (GET)	1558943510409	1558943511642	OK	 
USER	RandomPostCommentRPS	149	START	1558943511769	1558943511769
REQUEST	86		/wp/v2/posts?{page} (GET)	1558943510629	1558943511903	OK	 
REQUEST	9		/wp-json/wp/v2/comments (POST)	1558943511280	1558943511935	OK	 
USER	RandomPostCommentRPS	9	END	1558943483779	1558943511935
USER	RandomPostCommentRPS	150	START	1558943511969	1558943511969
REQUEST	41		/wp/v2/posts?page/{id} (GET)	1558943511579	1558943512129	OK	 
REQUEST	88		/wp/v2/posts?{page} (GET)	1558943511069	1558943512215	OK	 
REQUEST	87		/wp/v2/posts?{page} (GET)	1558943510849	1558943512259	OK	 
REQUEST	42		/wp/v2/posts?page/{id} (GET)	1558943511679	1558943512305	OK	 
REQUEST	90		/wp/v2/posts?{page} (GET)	1558943511479	1558943512519	OK	 
REQUEST	43		/wp/v2/posts?page/{id} (GET)	1558943512079	1558943512655	OK	 
REQUEST	10		/wp-json/wp/v2/comments (POST)	1558943511879	1558943512736	OK	 
USER	RandomPostCommentRPS	10	END	1558943483979	1558943512737
REQUEST	89		/wp/v2/posts?{page} (GET)	1558943511379	1558943513103	OK	 
REQUEST	11		/wp-json/wp/v2/comments (POST)	1558943512379	1558943513172	OK	 
USER	RandomPostCommentRPS	11	END	1558943484180	1558943513173
REQUEST	44		/wp/v2/posts?page/{id} (GET)	1558943512279	1558943513310	OK	 
REQUEST	91		/wp/v2/posts?{page} (GET)	1558943511779	1558943513508	OK	 
REQUEST	45		/wp/v2/posts?page/{id} (GET)	1558943512679	1558943513519	OK	 
REQUEST	94		/wp/v2/posts?{page} (GET)	1558943512479	1558943513802	OK	 
REQUEST	92		/wp/v2/posts?{page} (GET)	1558943511979	1558943513803	OK	 
REQUEST	12		/wp-json/wp/v2/comments (POST)	1558943512780	1558943513812	OK	 
USER	RandomPostCommentRPS	12	END	1558943484369	1558943513813
REQUEST	93		/wp/v2/posts?{page} (GET)	1558943512159	1558943513905	OK	 
REQUEST	13		/wp-json/wp/v2/comments (POST)	1558943513159	1558943514314	OK	 
USER	RandomPostCommentRPS	13	END	1558943484569	1558943514314
REQUEST	46		/wp/v2/posts?page/{id} (GET)	1558943512980	1558943514326	OK	 
REQUEST	47		/wp/v2/posts?page/{id} (GET)	1558943513380	1558943514401	OK	 
REQUEST	48		/wp/v2/posts?page/{id} (GET)	1558943513580	1558943514454	OK	 
REQUEST	95		/wp/v2/posts?{page} (GET)	1558943512580	1558943514705	OK	 
REQUEST	96		/wp/v2/posts?{page} (GET)	1558943512879	1558943514760	OK	 
REQUEST	49		/wp/v2/posts?page/{id} (GET)	1558943513879	1558943514920	OK	 
REQUEST	50		/wp/v2/posts?page/{id} (GET)	1558943513980	1558943515306	OK	 
REQUEST	14		/wp-json/wp/v2/comments (POST)	1558943514159	1558943515401	OK	 
USER	RandomPostCommentRPS	14	END	1558943484770	1558943515402
REQUEST	51		/wp/v2/posts?page/{id} (GET)	1558943514379	1558943515541	OK	 
REQUEST	99		/wp/v2/posts?{page} (GET)	1558943513479	1558943515624	OK	 
REQUEST	97		/wp/v2/posts?{page} (GET)	1558943513079	1558943515625	OK	 
REQUEST	102		/wp/v2/posts?{page} (GET)	1558943514079	1558943515729	OK	 
REQUEST	98		/wp/v2/posts?{page} (GET)	1558943513279	1558943515934	OK	 
REQUEST	52		/wp/v2/posts?page/{id} (GET)	1558943514579	1558943516015	OK	 
REQUEST	15		/wp-json/wp/v2/comments (POST)	1558943514679	1558943516160	OK	 
USER	RandomPostCommentRPS	15	END	1558943484969	1558943516161
REQUEST	53		/wp/v2/posts?page/{id} (GET)	1558943514879	1558943516247	OK	 
REQUEST	100		/wp/v2/posts?{page} (GET)	1558943513679	1558943516330	OK	 
REQUEST	101		/wp/v2/posts?{page} (GET)	1558943513779	1558943516603	OK	 
REQUEST	16		/wp-json/wp/v2/comments (POST)	1558943515079	1558943516631	OK	 
USER	RandomPostCommentRPS	16	END	1558943485170	1558943516631
REQUEST	103		/wp/v2/posts?{page} (GET)	1558943514279	1558943516752	OK	 
REQUEST	54		/wp/v2/posts?page/{id} (GET)	1558943515279	1558943516918	OK	 
REQUEST	55		/wp/v2/posts?page/{id} (GET)	1558943515479	1558943517015	OK	 
REQUEST	56		/wp/v2/posts?page/{id} (GET)	1558943515579	1558943517208	OK	 
REQUEST	105		/wp/v2/posts?{page} (GET)	1558943514779	1558943517503	OK	 
REQUEST	17		/wp-json/wp/v2/comments (POST)	1558943515779	1558943517537	OK	 
USER	RandomPostCommentRPS	17	END	1558943485369	1558943517538
REQUEST	107		/wp/v2/posts?{page} (GET)	1558943515160	1558943517550	OK	 
REQUEST	57		/wp/v2/posts?page/{id} (GET)	1558943515980	1558943517635	OK	 
REQUEST	18		/wp-json/wp/v2/comments (POST)	1558943516079	1558943517902	OK	 
USER	RandomPostCommentRPS	18	END	1558943485570	1558943517903
REQUEST	104		/wp/v2/posts?{page} (GET)	1558943514479	1558943517906	OK	 
REQUEST	106		/wp/v2/posts?{page} (GET)	1558943514979	1558943517912	OK	 
REQUEST	108		/wp/v2/posts?{page} (GET)	1558943515379	1558943518002	OK	 
REQUEST	58		/wp/v2/posts?page/{id} (GET)	1558943516380	1558943518216	OK	 
REQUEST	19		/wp-json/wp/v2/comments (POST)	1558943516580	1558943518503	OK	 
USER	RandomPostCommentRPS	19	END	1558943485769	1558943518503
REQUEST	59		/wp/v2/posts?page/{id} (GET)	1558943516679	1558943518513	OK	 
REQUEST	60		/wp/v2/posts?page/{id} (GET)	1558943516879	1558943518532	OK	 
REQUEST	110		/wp/v2/posts?{page} (GET)	1558943515879	1558943518601	OK	 
REQUEST	20		/wp-json/wp/v2/comments (POST)	1558943516979	1558943519004	OK	 
USER	RandomPostCommentRPS	20	END	1558943485970	1558943519004
REQUEST	109		/wp/v2/posts?{page} (GET)	1558943515679	1558943519005	OK	 
REQUEST	21		/wp-json/wp/v2/comments (POST)	1558943517379	1558943519133	OK	 
USER	RandomPostCommentRPS	21	END	1558943486169	1558943519133
REQUEST	113		/wp/v2/posts?{page} (GET)	1558943516479	1558943519148	OK	 
REQUEST	61		/wp/v2/posts?page/{id} (GET)	1558943517159	1558943519215	OK	 
REQUEST	112		/wp/v2/posts?{page} (GET)	1558943516279	1558943519328	OK	 
REQUEST	62		/wp/v2/posts?page/{id} (GET)	1558943517479	1558943519527	OK	 
REQUEST	111		/wp/v2/posts?{page} (GET)	1558943516159	1558943519635	OK	 
REQUEST	22		/wp-json/wp/v2/comments (POST)	1558943517579	1558943519653	OK	 
USER	RandomPostCommentRPS	22	END	1558943486369	1558943519654
REQUEST	63		/wp/v2/posts?page/{id} (GET)	1558943517779	1558943519815	OK	 
REQUEST	116		/wp/v2/posts?{page} (GET)	1558943517279	1558943519935	OK	 
REQUEST	115		/wp/v2/posts?{page} (GET)	1558943517079	1558943520062	OK	 
REQUEST	64		/wp/v2/posts?page/{id} (GET)	1558943518079	1558943520109	OK	 
REQUEST	65		/wp/v2/posts?page/{id} (GET)	1558943518159	1558943520401	OK	 
REQUEST	114		/wp/v2/posts?{page} (GET)	1558943516779	1558943520404	OK	 
REQUEST	23		/wp-json/wp/v2/comments (POST)	1558943518379	1558943520444	KO	status.find.in(200,201,202,203,204,205,206,207,208,209,304), found 409
USER	RandomPostCommentRPS	23	END	1558943486570	1558943520445
REQUEST	24		/wp-json/wp/v2/comments (POST)	1558943518679	1558943520716	OK	 
USER	RandomPostCommentRPS	24	END	1558943486770	1558943520716
REQUEST	117		/wp/v2/posts?{page} (GET)	1558943517679	1558943520854	OK	 
REQUEST	66		/wp/v2/posts?page/{id} (GET)	1558943518579	1558943520921	OK	 
REQUEST	118		/wp/v2/posts?{page} (GET)	1558943517879	1558943520949	OK	 
REQUEST	67		/wp/v2/posts?page/{id} (GET)	1558943518879	1558943521022	OK	 
REQUEST	119		/wp/v2/posts?{page} (GET)	1558943517980	1558943521033	OK	 
REQUEST	121		/wp/v2/posts?{page} (GET)	1558943518479	1558943521301	OK	 
REQUEST	25		/wp-json/wp/v2/comments (POST)	1558943519079	1558943521433	OK	 
USER	RandomPostCommentRPS	25	END	1558943486970	1558943521433
REQUEST	120		/wp/v2/posts?{page} (GET)	1558943518280	1558943521526	OK	 
REQUEST	69		/wp/v2/posts?page/{id} (GET)	1558943519379	1558943521602	OK	 
REQUEST	122		/wp/v2/posts?{page} (GET)	1558943518779	1558943521604	OK	 
REQUEST	68		/wp/v2/posts?page/{id} (GET)	1558943519279	1558943521610	OK	 
REQUEST	26		/wp-json/wp/v2/comments (POST)	1558943519579	1558943521623	OK	 
USER	RandomPostCommentRPS	26	END	1558943487170	1558943521624
REQUEST	27		/wp-json/wp/v2/comments (POST)	1558943519679	1558943521932	KO	status.find.in(200,201,202,203,204,205,206,207,208,209,304), found 409
USER	RandomPostCommentRPS	27	END	1558943487370	1558943521932
REQUEST	71		/wp/v2/posts?page/{id} (GET)	1558943520079	1558943522209	OK	 
REQUEST	70		/wp/v2/posts?page/{id} (GET)	1558943519879	1558943522217	OK	 
REQUEST	123		/wp/v2/posts?{page} (GET)	1558943518980	1558943522314	OK	 
REQUEST	72		/wp/v2/posts?page/{id} (GET)	1558943520279	1558943522332	OK	 
REQUEST	125		/wp/v2/posts?{page} (GET)	1558943519479	1558943522604	OK	 
REQUEST	29		/wp-json/wp/v2/comments (POST)	1558943520579	1558943522935	OK	 
USER	RandomPostCommentRPS	29	END	1558943487769	1558943522936
REQUEST	28		/wp-json/wp/v2/comments (POST)	1558943520479	1558943522941	OK	 
USER	RandomPostCommentRPS	28	END	1558943487569	1558943522941
REQUEST	73		/wp/v2/posts?page/{id} (GET)	1558943520779	1558943523004	OK	 
REQUEST	126		/wp/v2/posts?{page} (GET)	1558943519780	1558943523211	OK	 
REQUEST	129		/wp/v2/posts?{page} (GET)	1558943520379	1558943523264	OK	 
REQUEST	128		/wp/v2/posts?{page} (GET)	1558943520159	1558943523429	OK	 
REQUEST	124		/wp/v2/posts?{page} (GET)	1558943519159	1558943523436	OK	 
REQUEST	74		/wp/v2/posts?page/{id} (GET)	1558943520979	1558943523563	OK	 
REQUEST	30		/wp-json/wp/v2/comments (POST)	1558943521080	1558943523835	OK	 
USER	RandomPostCommentRPS	30	END	1558943487969	1558943523835
REQUEST	127		/wp/v2/posts?{page} (GET)	1558943519980	1558943524001	OK	 
REQUEST	75		/wp/v2/posts?page/{id} (GET)	1558943521279	1558943524007	OK	 
REQUEST	130		/wp/v2/posts?{page} (GET)	1558943520680	1558943524143	OK	 
REQUEST	31		/wp-json/wp/v2/comments (POST)	1558943521479	1558943524218	OK	 
USER	RandomPostCommentRPS	31	END	1558943488170	1558943524219
REQUEST	76		/wp/v2/posts?page/{id} (GET)	1558943521679	1558943524234	OK	 
REQUEST	131		/wp/v2/posts?{page} (GET)	1558943520879	1558943524530	OK	 
REQUEST	77		/wp/v2/posts?page/{id} (GET)	1558943521979	1558943524629	OK	 
REQUEST	32		/wp-json/wp/v2/comments (POST)	1558943521879	1558943524638	OK	 
USER	RandomPostCommentRPS	32	END	1558943488369	1558943524639
REQUEST	132		/wp/v2/posts?{page} (GET)	1558943521160	1558943524737	OK	 
REQUEST	33		/wp-json/wp/v2/comments (POST)	1558943522160	1558943524910	OK	 
USER	RandomPostCommentRPS	33	END	1558943488569	1558943524911
REQUEST	133		/wp/v2/posts?{page} (GET)	1558943521380	1558943525051	OK	 
REQUEST	134		/wp/v2/posts?{page} (GET)	1558943521579	1558943525143	OK	 
REQUEST	78		/wp/v2/posts?page/{id} (GET)	1558943522379	1558943525209	OK	 
REQUEST	34		/wp-json/wp/v2/comments (POST)	1558943522579	1558943525402	OK	 
USER	RandomPostCommentRPS	34	END	1558943488769	1558943525402
REQUEST	35		/wp-json/wp/v2/comments (POST)	1558943522780	1558943525537	OK	 
USER	RandomPostCommentRPS	35	END	1558943488969	1558943525537
REQUEST	80		/wp/v2/posts?page/{id} (GET)	1558943522979	1558943525635	OK	 
REQUEST	135		/wp/v2/posts?{page} (GET)	1558943521779	1558943525656	OK	 
REQUEST	136		/wp/v2/posts?{page} (GET)	1558943522080	1558943525801	OK	 
REQUEST	79		/wp/v2/posts?page/{id} (GET)	1558943523079	1558943525813	OK	 
REQUEST	81		/wp/v2/posts?page/{id} (GET)	1558943523160	1558943526101	OK	 
REQUEST	137		/wp/v2/posts?{page} (GET)	1558943522279	1558943526242	OK	 
REQUEST	36		/wp-json/wp/v2/comments (POST)	1558943523379	1558943526332	OK	 
USER	RandomPostCommentRPS	36	END	1558943489169	1558943526332
REQUEST	139		/wp/v2/posts?{page} (GET)	1558943522679	1558943526440	OK	 
REQUEST	37		/wp-json/wp/v2/comments (POST)	1558943523679	1558943526530	OK	 
USER	RandomPostCommentRPS	37	END	1558943489369	1558943526531
REQUEST	138		/wp/v2/posts?{page} (GET)	1558943522479	1558943526744	OK	 
REQUEST	82		/wp/v2/posts?page/{id} (GET)	1558943523780	1558943526801	OK	 
REQUEST	140		/wp/v2/posts?{page} (GET)	1558943522879	1558943526837	OK	 
REQUEST	38		/wp-json/wp/v2/comments (POST)	1558943524079	1558943527149	OK	 
USER	RandomPostCommentRPS	38	END	1558943489569	1558943527150
REQUEST	83		/wp/v2/posts?page/{id} (GET)	1558943524159	1558943527226	OK	 
REQUEST	84		/wp/v2/posts?page/{id} (GET)	1558943524379	1558943527329	OK	 
REQUEST	142		/wp/v2/posts?{page} (GET)	1558943523479	1558943527624	OK	 
REQUEST	143		/wp/v2/posts?{page} (GET)	1558943523579	1558943527712	OK	 
REQUEST	39		/wp-json/wp/v2/comments (POST)	1558943524579	1558943527812	KO	status.find.in(200,201,202,203,204,205,206,207,208,209,304), found 409
USER	RandomPostCommentRPS	39	END	1558943489769	1558943527813
REQUEST	141		/wp/v2/posts?{page} (GET)	1558943523279	1558943527871	OK	 
REQUEST	40		/wp-json/wp/v2/comments (POST)	1558943524679	1558943527939	OK	 
USER	RandomPostCommentRPS	40	END	1558943489970	1558943527940
REQUEST	144		/wp/v2/posts?{page} (GET)	1558943523879	1558943528032	OK	 
REQUEST	147		/wp/v2/posts?{page} (GET)	1558943524480	1558943528150	OK	 
REQUEST	145		/wp/v2/posts?{page} (GET)	1558943523980	1558943528265	OK	 
REQUEST	85		/wp/v2/posts?page/{id} (GET)	1558943524879	1558943528430	OK	 
REQUEST	86		/wp/v2/posts?page/{id} (GET)	1558943525079	1558943528514	OK	 
REQUEST	88		/wp/v2/posts?page/{id} (GET)	1558943525379	1558943528551	OK	 
REQUEST	41		/wp-json/wp/v2/comments (POST)	1558943525279	1558943528641	OK	 
USER	RandomPostCommentRPS	41	END	1558943490169	1558943528641
REQUEST	87		/wp/v2/posts?page/{id} (GET)	1558943525479	1558943528801	OK	 
REQUEST	148		/wp/v2/posts?{page} (GET)	1558943524780	1558943528804	OK	 
REQUEST	146		/wp/v2/posts?{page} (GET)	1558943524279	1558943528903	OK	 
REQUEST	42		/wp-json/wp/v2/comments (POST)	1558943525580	1558943528938	OK	 
USER	RandomPostCommentRPS	42	END	1558943490369	1558943528938
REQUEST	90		/wp/v2/posts?page/{id} (GET)	1558943525679	1558943529122	OK	 
REQUEST	43		/wp-json/wp/v2/comments (POST)	1558943525779	1558943529231	OK	 
USER	RandomPostCommentRPS	43	END	1558943490570	1558943529231
REQUEST	44		/wp-json/wp/v2/comments (POST)	1558943525980	1558943529249	KO	status.find.in(200,201,202,203,204,205,206,207,208,209,304), found 409
USER	RandomPostCommentRPS	44	END	1558943490769	1558943529249
REQUEST	89		/wp/v2/posts?page/{id} (GET)	1558943525879	1558943529256	OK	 
REQUEST	94		/wp/v2/posts?page/{id} (GET)	1558943526279	1558943529346	OK	 
REQUEST	91		/wp/v2/posts?page/{id} (GET)	1558943526079	1558943529430	OK	 
REQUEST	45		/wp-json/wp/v2/comments (POST)	1558943526160	1558943529548	OK	 
USER	RandomPostCommentRPS	45	END	1558943490970	1558943529548
REQUEST	92		/wp/v2/posts?page/{id} (GET)	1558943526379	1558943529614	OK	 
REQUEST	93		/wp/v2/posts?page/{id} (GET)	1558943526479	1558943529901	OK	 
REQUEST	150		/wp/v2/posts?{page} (GET)	1558943525159	1558943529949	OK	 
REQUEST	46		/wp-json/wp/v2/comments (POST)	1558943526580	1558943529955	OK	 
USER	RandomPostCommentRPS	46	END	1558943491169	1558943529956
REQUEST	48		/wp-json/wp/v2/comments (POST)	1558943526779	1558943529957	OK	 
USER	RandomPostCommentRPS	48	END	1558943491569	1558943529957
REQUEST	47		/wp-json/wp/v2/comments (POST)	1558943526679	1558943530025	OK	 
USER	RandomPostCommentRPS	47	END	1558943491370	1558943530025
REQUEST	96		/wp/v2/posts?page/{id} (GET)	1558943526980	1558943530106	OK	 
REQUEST	149		/wp/v2/posts?{page} (GET)	1558943524979	1558943530119	OK	 
REQUEST	95		/wp/v2/posts?page/{id} (GET)	1558943526879	1558943530144	OK	 
REQUEST	49		/wp-json/wp/v2/comments (POST)	1558943527079	1558943530320	OK	 
USER	RandomPostCommentRPS	49	END	1558943491769	1558943530322
REQUEST	50		/wp-json/wp/v2/comments (POST)	1558943527159	1558943530402	KO	status.find.in(200,201,202,203,204,205,206,207,208,209,304), found 409
USER	RandomPostCommentRPS	50	END	1558943491970	1558943530403
REQUEST	51		/wp-json/wp/v2/comments (POST)	1558943527280	1558943530541	OK	 
USER	RandomPostCommentRPS	51	END	1558943492170	1558943530542
REQUEST	102		/wp/v2/posts?page/{id} (GET)	1558943527579	1558943530602	OK	 
REQUEST	99		/wp/v2/posts?page/{id} (GET)	1558943527379	1558943530712	OK	 
REQUEST	98		/wp/v2/posts?page/{id} (GET)	1558943527679	1558943530782	OK	 
REQUEST	97		/wp/v2/posts?page/{id} (GET)	1558943527479	1558943530784	OK	 
REQUEST	53		/wp-json/wp/v2/comments (POST)	1558943527879	1558943530796	KO	status.find.in(200,201,202,203,204,205,206,207,208,209,304), found 409
USER	RandomPostCommentRPS	53	END	1558943492570	1558943530797
REQUEST	52		/wp-json/wp/v2/comments (POST)	1558943527780	1558943530832	OK	 
USER	RandomPostCommentRPS	52	END	1558943492369	1558943530833
REQUEST	100		/wp/v2/posts?page/{id} (GET)	1558943527979	1558943530928	OK	 
REQUEST	103		/wp/v2/posts?page/{id} (GET)	1558943528159	1558943531036	OK	 
REQUEST	101		/wp/v2/posts?page/{id} (GET)	1558943528080	1558943531205	OK	 
REQUEST	56		/wp-json/wp/v2/comments (POST)	1558943528479	1558943531239	KO	status.find.in(200,201,202,203,204,205,206,207,208,209,304), found 409
USER	RandomPostCommentRPS	56	END	1558943493170	1558943531240
REQUEST	54		/wp-json/wp/v2/comments (POST)	1558943528279	1558943531242	OK	 
USER	RandomPostCommentRPS	54	END	1558943492769	1558943531242
REQUEST	55		/wp-json/wp/v2/comments (POST)	1558943528379	1558943531244	OK	 
USER	RandomPostCommentRPS	55	END	1558943492970	1558943531244
REQUEST	107		/wp/v2/posts?page/{id} (GET)	1558943528679	1558943531400	OK	 
REQUEST	105		/wp/v2/posts?page/{id} (GET)	1558943528579	1558943531424	OK	 
REQUEST	57		/wp-json/wp/v2/comments (POST)	1558943528780	1558943531433	OK	 
USER	RandomPostCommentRPS	57	END	1558943493369	1558943531433
REQUEST	104		/wp/v2/posts?page/{id} (GET)	1558943528879	1558943531601	OK	 
REQUEST	106		/wp/v2/posts?page/{id} (GET)	1558943528980	1558943531647	OK	 
REQUEST	108		/wp/v2/posts?page/{id} (GET)	1558943529079	1558943531702	OK	 
REQUEST	110		/wp/v2/posts?page/{id} (GET)	1558943529480	1558943531845	OK	 
REQUEST	109		/wp/v2/posts?page/{id} (GET)	1558943529579	1558943532009	OK	 
REQUEST	113		/wp/v2/posts?page/{id} (GET)	1558943529679	1558943532012	OK	 
REQUEST	112		/wp/v2/posts?page/{id} (GET)	1558943529880	1558943532133	OK	 
REQUEST	111		/wp/v2/posts?page/{id} (GET)	1558943530079	1558943532204	OK	 
REQUEST	116		/wp/v2/posts?page/{id} (GET)	1558943530279	1558943532435	OK	 
REQUEST	115		/wp/v2/posts?page/{id} (GET)	1558943530379	1558943532501	OK	 
REQUEST	62		/wp-json/wp/v2/comments (POST)	1558943529979	1558943532520	OK	 
USER	RandomPostCommentRPS	62	END	1558943494369	1558943532521
REQUEST	61		/wp-json/wp/v2/comments (POST)	1558943529779	1558943532523	OK	 
USER	RandomPostCommentRPS	61	END	1558943494170	1558943532524
REQUEST	60		/wp-json/wp/v2/comments (POST)	1558943529379	1558943532526	OK	 
USER	RandomPostCommentRPS	60	END	1558943493969	1558943532526
REQUEST	58		/wp-json/wp/v2/comments (POST)	1558943529160	1558943532529	OK	 
USER	RandomPostCommentRPS	58	END	1558943493569	1558943532530
REQUEST	59		/wp-json/wp/v2/comments (POST)	1558943529279	1558943532531	OK	 
USER	RandomPostCommentRPS	59	END	1558943493770	1558943532532
REQUEST	63		/wp-json/wp/v2/comments (POST)	1558943530160	1558943532533	OK	 
USER	RandomPostCommentRPS	63	END	1558943494569	1558943532534
REQUEST	64		/wp-json/wp/v2/comments (POST)	1558943530480	1558943532608	OK	 
USER	RandomPostCommentRPS	64	END	1558943494770	1558943532608
REQUEST	65		/wp-json/wp/v2/comments (POST)	1558943530579	1558943532802	OK	 
USER	RandomPostCommentRPS	65	END	1558943494969	1558943532804
REQUEST	66		/wp-json/wp/v2/comments (POST)	1558943530879	1558943533103	KO	status.find.in(200,201,202,203,204,205,206,207,208,209,304), found 409
USER	RandomPostCommentRPS	66	END	1558943495169	1558943533103
REQUEST	119		/wp/v2/posts?page/{id} (GET)	1558943531160	1558943533159	OK	 
REQUEST	114		/wp/v2/posts?page/{id} (GET)	1558943530679	1558943533202	OK	 
REQUEST	118		/wp/v2/posts?page/{id} (GET)	1558943530979	1558943533228	OK	 
REQUEST	121		/wp/v2/posts?page/{id} (GET)	1558943531279	1558943533248	OK	 
REQUEST	117		/wp/v2/posts?page/{id} (GET)	1558943530779	1558943533253	OK	 
REQUEST	120		/wp/v2/posts?page/{id} (GET)	1558943531379	1558943533329	OK	 
REQUEST	69		/wp-json/wp/v2/comments (POST)	1558943531479	1558943533338	OK	 
USER	RandomPostCommentRPS	69	END	1558943495770	1558943533339
REQUEST	122		/wp/v2/posts?page/{id} (GET)	1558943531580	1558943533416	OK	 
REQUEST	67		/wp-json/wp/v2/comments (POST)	1558943531080	1558943533417	OK	 
USER	RandomPostCommentRPS	67	END	1558943495370	1558943533418
REQUEST	72		/wp-json/wp/v2/comments (POST)	1558943532079	1558943533850	KO	status.find.in(200,201,202,203,204,205,206,207,208,209,304), found 409
USER	RandomPostCommentRPS	72	END	1558943496370	1558943533851
REQUEST	68		/wp-json/wp/v2/comments (POST)	1558943531679	1558943533854	OK	 
USER	RandomPostCommentRPS	68	END	1558943495569	1558943533854
REQUEST	123		/wp/v2/posts?page/{id} (GET)	1558943531980	1558943533915	OK	 
REQUEST	71		/wp-json/wp/v2/comments (POST)	1558943531779	1558943533936	OK	 
USER	RandomPostCommentRPS	71	END	1558943496169	1558943533937
REQUEST	70		/wp-json/wp/v2/comments (POST)	1558943531879	1558943534020	OK	 
USER	RandomPostCommentRPS	70	END	1558943495969	1558943534020
REQUEST	125		/wp/v2/posts?page/{id} (GET)	1558943532160	1558943534022	OK	 
REQUEST	73		/wp-json/wp/v2/comments (POST)	1558943532279	1558943534024	OK	 
USER	RandomPostCommentRPS	73	END	1558943496569	1558943534025
REQUEST	126		/wp/v2/posts?page/{id} (GET)	1558943532379	1558943534123	OK	 
REQUEST	128		/wp/v2/posts?page/{id} (GET)	1558943532579	1558943534134	OK	 
REQUEST	129		/wp/v2/posts?page/{id} (GET)	1558943532479	1558943534140	OK	 
REQUEST	74		/wp-json/wp/v2/comments (POST)	1558943532780	1558943534633	OK	 
USER	RandomPostCommentRPS	74	END	1558943496769	1558943534633
REQUEST	124		/wp/v2/posts?page/{id} (GET)	1558943532679	1558943534644	OK	 
REQUEST	130		/wp/v2/posts?page/{id} (GET)	1558943533079	1558943534715	OK	 
REQUEST	127		/wp/v2/posts?page/{id} (GET)	1558943532879	1558943534737	OK	 
REQUEST	75		/wp-json/wp/v2/comments (POST)	1558943532980	1558943534738	KO	status.find.in(200,201,202,203,204,205,206,207,208,209,304), found 409
USER	RandomPostCommentRPS	75	END	1558943496969	1558943534739
REQUEST	131		/wp/v2/posts?page/{id} (GET)	1558943533280	1558943534804	OK	 
REQUEST	133		/wp/v2/posts?page/{id} (GET)	1558943533579	1558943534847	OK	 
REQUEST	132		/wp/v2/posts?page/{id} (GET)	1558943533479	1558943534851	OK	 
REQUEST	76		/wp-json/wp/v2/comments (POST)	1558943533159	1558943534901	OK	 
USER	RandomPostCommentRPS	76	END	1558943497170	1558943534902
REQUEST	77		/wp-json/wp/v2/comments (POST)	1558943533379	1558943535140	OK	 
USER	RandomPostCommentRPS	77	END	1558943497370	1558943535141
REQUEST	134		/wp/v2/posts?page/{id} (GET)	1558943533680	1558943535427	OK	 
REQUEST	80		/wp-json/wp/v2/comments (POST)	1558943533880	1558943535520	OK	 
USER	RandomPostCommentRPS	80	END	1558943497970	1558943535520
REQUEST	78		/wp-json/wp/v2/comments (POST)	1558943533779	1558943535525	OK	 
USER	RandomPostCommentRPS	78	END	1558943497569	1558943535526
REQUEST	135		/wp/v2/posts?page/{id} (GET)	1558943533979	1558943535533	OK	 
REQUEST	136		/wp/v2/posts?page/{id} (GET)	1558943534079	1558943535629	OK	 
REQUEST	139		/wp/v2/posts?page/{id} (GET)	1558943534479	1558943535640	OK	 
REQUEST	79		/wp-json/wp/v2/comments (POST)	1558943534160	1558943535645	OK	 
USER	RandomPostCommentRPS	79	END	1558943497769	1558943535646
REQUEST	81		/wp-json/wp/v2/comments (POST)	1558943534279	1558943535647	OK	 
USER	RandomPostCommentRPS	81	END	1558943498169	1558943535648
REQUEST	137		/wp/v2/posts?page/{id} (GET)	1558943534380	1558943535808	OK	 
REQUEST	138		/wp/v2/posts?page/{id} (GET)	1558943534579	1558943536148	OK	 
REQUEST	140		/wp/v2/posts?page/{id} (GET)	1558943534780	1558943536237	OK	 
REQUEST	82		/wp-json/wp/v2/comments (POST)	1558943534679	1558943536331	OK	 
USER	RandomPostCommentRPS	82	END	1558943498369	1558943536332
REQUEST	144		/wp/v2/posts?page/{id} (GET)	1558943535379	1558943536400	OK	 
REQUEST	83		/wp-json/wp/v2/comments (POST)	1558943534879	1558943536439	OK	 
USER	RandomPostCommentRPS	83	END	1558943498569	1558943536439
REQUEST	143		/wp/v2/posts?page/{id} (GET)	1558943535159	1558943536505	OK	 
REQUEST	141		/wp/v2/posts?page/{id} (GET)	1558943535279	1558943536508	OK	 
REQUEST	84		/wp-json/wp/v2/comments (POST)	1558943534979	1558943536518	OK	 
USER	RandomPostCommentRPS	84	END	1558943498769	1558943536519
REQUEST	147		/wp/v2/posts?page/{id} (GET)	1558943535480	1558943536554	OK	 
REQUEST	142		/wp/v2/posts?page/{id} (GET)	1558943535079	1558943536625	OK	 
REQUEST	145		/wp/v2/posts?page/{id} (GET)	1558943535579	1558943536916	OK	 
REQUEST	86		/wp-json/wp/v2/comments (POST)	1558943535779	1558943537110	OK	 
USER	RandomPostCommentRPS	86	END	1558943499170	1558943537110
REQUEST	148		/wp/v2/posts?page/{id} (GET)	1558943536080	1558943537216	OK	 
REQUEST	88		/wp-json/wp/v2/comments (POST)	1558943535879	1558943537223	OK	 
USER	RandomPostCommentRPS	88	END	1558943499569	1558943537223
REQUEST	87		/wp-json/wp/v2/comments (POST)	1558943535979	1558943537236	OK	 
USER	RandomPostCommentRPS	87	END	1558943499370	1558943537237
REQUEST	85		/wp-json/wp/v2/comments (POST)	1558943535679	1558943537246	OK	 
USER	RandomPostCommentRPS	85	END	1558943498969	1558943537246
REQUEST	146		/wp/v2/posts?page/{id} (GET)	1558943536159	1558943537351	OK	 
REQUEST	89		/wp-json/wp/v2/comments (POST)	1558943536379	1558943537424	OK	 
USER	RandomPostCommentRPS	89	END	1558943499769	1558943537425
REQUEST	90		/wp-json/wp/v2/comments (POST)	1558943536279	1558943537442	OK	 
USER	RandomPostCommentRPS	90	END	1558943499969	1558943537443
REQUEST	94		/wp-json/wp/v2/comments (POST)	1558943536479	1558943537703	OK	 
USER	RandomPostCommentRPS	94	END	1558943500769	1558943537704
REQUEST	91		/wp-json/wp/v2/comments (POST)	1558943536579	1558943537827	OK	 
USER	RandomPostCommentRPS	91	END	1558943500170	1558943537827
REQUEST	93		/wp-json/wp/v2/comments (POST)	1558943536780	1558943538021	OK	 
USER	RandomPostCommentRPS	93	END	1558943500570	1558943538022
REQUEST	150		/wp/v2/posts?page/{id} (GET)	1558943536879	1558943538035	OK	 
REQUEST	92		/wp-json/wp/v2/comments (POST)	1558943536680	1558943538043	OK	 
USER	RandomPostCommentRPS	92	END	1558943500369	1558943538044
REQUEST	99		/wp-json/wp/v2/comments (POST)	1558943537379	1558943538162	KO	status.find.in(200,201,202,203,204,205,206,207,208,209,304), found 409
USER	RandomPostCommentRPS	99	END	1558943501770	1558943538163
REQUEST	149		/wp/v2/posts?page/{id} (GET)	1558943537079	1558943538237	OK	 
REQUEST	95		/wp-json/wp/v2/comments (POST)	1558943537159	1558943538301	OK	 
REQUEST	96		/wp-json/wp/v2/comments (POST)	1558943536979	1558943538301	OK	 
REQUEST	102		/wp-json/wp/v2/comments (POST)	1558943537279	1558943538301	OK	 
USER	RandomPostCommentRPS	96	END	1558943501169	1558943538301
USER	RandomPostCommentRPS	95	END	1558943500969	1558943538301
USER	RandomPostCommentRPS	102	END	1558943502369	1558943538301
REQUEST	98		/wp-json/wp/v2/comments (POST)	1558943537479	1558943538442	OK	 
USER	RandomPostCommentRPS	98	END	1558943501569	1558943538442
REQUEST	97		/wp-json/wp/v2/comments (POST)	1558943537579	1558943538607	OK	 
USER	RandomPostCommentRPS	97	END	1558943501369	1558943538608
REQUEST	101		/wp-json/wp/v2/comments (POST)	1558943537879	1558943538733	OK	 
USER	RandomPostCommentRPS	101	END	1558943502169	1558943538734
REQUEST	103		/wp-json/wp/v2/comments (POST)	1558943537780	1558943538811	OK	 
USER	RandomPostCommentRPS	103	END	1558943502569	1558943538811
REQUEST	100		/wp-json/wp/v2/comments (POST)	1558943537679	1558943538901	OK	 
REQUEST	107		/wp-json/wp/v2/comments (POST)	1558943537980	1558943538901	OK	 
REQUEST	105		/wp-json/wp/v2/comments (POST)	1558943538080	1558943538901	KO	status.find.in(200,201,202,203,204,205,206,207,208,209,304), found 409
USER	RandomPostCommentRPS	100	END	1558943501969	1558943538901
USER	RandomPostCommentRPS	107	END	1558943503369	1558943538901
USER	RandomPostCommentRPS	105	END	1558943502969	1558943538901
REQUEST	104		/wp-json/wp/v2/comments (POST)	1558943538160	1558943538931	OK	 
USER	RandomPostCommentRPS	104	END	1558943502770	1558943538932
REQUEST	106		/wp-json/wp/v2/comments (POST)	1558943538279	1558943538948	OK	 
USER	RandomPostCommentRPS	106	END	1558943503170	1558943538949
REQUEST	108		/wp-json/wp/v2/comments (POST)	1558943538379	1558943539024	OK	 
USER	RandomPostCommentRPS	108	END	1558943503569	1558943539024
REQUEST	110		/wp-json/wp/v2/comments (POST)	1558943538479	1558943539112	OK	 
USER	RandomPostCommentRPS	110	END	1558943503969	1558943539112
REQUEST	109		/wp-json/wp/v2/comments (POST)	1558943538579	1558943539229	OK	 
USER	RandomPostCommentRPS	109	END	1558943503769	1558943539229
REQUEST	112		/wp-json/wp/v2/comments (POST)	1558943538779	1558943539234	KO	status.find.in(200,201,202,203,204,205,206,207,208,209,304), found 409
USER	RandomPostCommentRPS	112	END	1558943504370	1558943539235
REQUEST	113		/wp-json/wp/v2/comments (POST)	1558943538679	1558943539320	OK	 
USER	RandomPostCommentRPS	113	END	1558943504570	1558943539321
REQUEST	111		/wp-json/wp/v2/comments (POST)	1558943538879	1558943539346	OK	 
USER	RandomPostCommentRPS	111	END	1558943504169	1558943539346
REQUEST	116		/wp-json/wp/v2/comments (POST)	1558943538979	1558943539507	OK	 
USER	RandomPostCommentRPS	116	END	1558943505169	1558943539507
REQUEST	115		/wp-json/wp/v2/comments (POST)	1558943539079	1558943539600	OK	 
USER	RandomPostCommentRPS	115	END	1558943504969	1558943539601
REQUEST	119		/wp-json/wp/v2/comments (POST)	1558943539160	1558943539600	KO	status.find.in(200,201,202,203,204,205,206,207,208,209,304), found 409
USER	RandomPostCommentRPS	119	END	1558943505770	1558943539601
REQUEST	114		/wp-json/wp/v2/comments (POST)	1558943539279	1558943539630	OK	 
USER	RandomPostCommentRPS	114	END	1558943504769	1558943539631
REQUEST	118		/wp-json/wp/v2/comments (POST)	1558943539380	1558943539708	OK	 
USER	RandomPostCommentRPS	118	END	1558943505570	1558943539709
REQUEST	121		/wp-json/wp/v2/comments (POST)	1558943539479	1558943539724	OK	 
USER	RandomPostCommentRPS	121	END	1558943506169	1558943539724
REQUEST	117		/wp-json/wp/v2/comments (POST)	1558943539579	1558943539832	OK	 
USER	RandomPostCommentRPS	117	END	1558943505369	1558943539833
REQUEST	120		/wp-json/wp/v2/comments (POST)	1558943539679	1558943539935	OK	 
USER	RandomPostCommentRPS	120	END	1558943505969	1558943539935
REQUEST	122		/wp-json/wp/v2/comments (POST)	1558943539779	1558943540055	OK	 
USER	RandomPostCommentRPS	122	END	1558943506369	1558943540056
REQUEST	125		/wp-json/wp/v2/comments (POST)	1558943539979	1558943540211	KO	status.find.in(200,201,202,203,204,205,206,207,208,209,304), found 409
USER	RandomPostCommentRPS	125	END	1558943506969	1558943540212
REQUEST	123		/wp-json/wp/v2/comments (POST)	1558943539879	1558943540300	OK	 
USER	RandomPostCommentRPS	123	END	1558943506569	1558943540301
REQUEST	126		/wp-json/wp/v2/comments (POST)	1558943540079	1558943540326	OK	 
USER	RandomPostCommentRPS	126	END	1558943507169	1558943540327
REQUEST	128		/wp-json/wp/v2/comments (POST)	1558943540159	1558943540437	OK	 
USER	RandomPostCommentRPS	128	END	1558943507569	1558943540438
REQUEST	129		/wp-json/wp/v2/comments (POST)	1558943540280	1558943540518	OK	 
USER	RandomPostCommentRPS	129	END	1558943507769	1558943540519
REQUEST	124		/wp-json/wp/v2/comments (POST)	1558943540379	1558943540639	OK	 
USER	RandomPostCommentRPS	124	END	1558943506769	1558943540639
REQUEST	130		/wp-json/wp/v2/comments (POST)	1558943540479	1558943540663	OK	 
USER	RandomPostCommentRPS	130	END	1558943507969	1558943540663
REQUEST	127		/wp-json/wp/v2/comments (POST)	1558943540580	1558943540858	OK	 
USER	RandomPostCommentRPS	127	END	1558943507370	1558943540859
REQUEST	131		/wp-json/wp/v2/comments (POST)	1558943540679	1558943540907	OK	 
USER	RandomPostCommentRPS	131	END	1558943508169	1558943540907
REQUEST	133		/wp-json/wp/v2/comments (POST)	1558943540779	1558943540945	OK	 
USER	RandomPostCommentRPS	133	END	1558943508569	1558943540945
REQUEST	132		/wp-json/wp/v2/comments (POST)	1558943540879	1558943540956	KO	status.find.in(200,201,202,203,204,205,206,207,208,209,304), found 409
USER	RandomPostCommentRPS	132	END	1558943508370	1558943540957
REQUEST	134		/wp-json/wp/v2/comments (POST)	1558943540979	1558943541242	OK	 
USER	RandomPostCommentRPS	134	END	1558943508769	1558943541242
REQUEST	135		/wp-json/wp/v2/comments (POST)	1558943541079	1558943541413	OK	 
USER	RandomPostCommentRPS	135	END	1558943508969	1558943541414
REQUEST	136		/wp-json/wp/v2/comments (POST)	1558943541159	1558943541421	OK	 
USER	RandomPostCommentRPS	136	END	1558943509170	1558943541422
REQUEST	139		/wp-json/wp/v2/comments (POST)	1558943541280	1558943541571	OK	 
USER	RandomPostCommentRPS	139	END	1558943509769	1558943541571
REQUEST	137		/wp-json/wp/v2/comments (POST)	1558943541379	1558943541625	OK	 
USER	RandomPostCommentRPS	137	END	1558943509369	1558943541625
REQUEST	138		/wp-json/wp/v2/comments (POST)	1558943541479	1558943541708	KO	status.find.in(200,201,202,203,204,205,206,207,208,209,304), found 400
USER	RandomPostCommentRPS	138	END	1558943509569	1558943541710
REQUEST	140		/wp-json/wp/v2/comments (POST)	1558943541580	1558943541733	KO	status.find.in(200,201,202,203,204,205,206,207,208,209,304), found 400
USER	RandomPostCommentRPS	140	END	1558943509969	1558943541734
REQUEST	144		/wp-json/wp/v2/comments (POST)	1558943541679	1558943542025	OK	 
USER	RandomPostCommentRPS	144	END	1558943510769	1558943542026
REQUEST	143		/wp-json/wp/v2/comments (POST)	1558943541779	1558943542048	KO	status.find.in(200,201,202,203,204,205,206,207,208,209,304), found 400
USER	RandomPostCommentRPS	143	END	1558943510569	1558943542049
REQUEST	141		/wp-json/wp/v2/comments (POST)	1558943541879	1558943542217	KO	status.find.in(200,201,202,203,204,205,206,207,208,209,304), found 400
USER	RandomPostCommentRPS	141	END	1558943510169	1558943542218
REQUEST	147		/wp-json/wp/v2/comments (POST)	1558943541979	1558943542241	KO	status.find.in(200,201,202,203,204,205,206,207,208,209,304), found 400
USER	RandomPostCommentRPS	147	END	1558943511369	1558943542242
REQUEST	142		/wp-json/wp/v2/comments (POST)	1558943542079	1558943542339	KO	status.find.in(200,201,202,203,204,205,206,207,208,209,304), found 400
USER	RandomPostCommentRPS	142	END	1558943510369	1558943542340
REQUEST	145		/wp-json/wp/v2/comments (POST)	1558943542160	1558943542345	KO	status.find.in(200,201,202,203,204,205,206,207,208,209,304), found 409
USER	RandomPostCommentRPS	145	END	1558943510970	1558943542346
REQUEST	148		/wp-json/wp/v2/comments (POST)	1558943542279	1558943542534	KO	status.find.in(200,201,202,203,204,205,206,207,208,209,304), found 400
USER	RandomPostCommentRPS	148	END	1558943511569	1558943542535
REQUEST	146		/wp-json/wp/v2/comments (POST)	1558943542379	1558943542614	KO	status.find.in(200,201,202,203,204,205,206,207,208,209,304), found 400
USER	RandomPostCommentRPS	146	END	1558943511169	1558943542615
REQUEST	149		/wp-json/wp/v2/comments (POST)	1558943542580	1558943542708	KO	status.find.in(200,201,202,203,204,205,206,207,208,209,304), found 400
USER	RandomPostCommentRPS	149	END	1558943511769	1558943542709
REQUEST	150		/wp-json/wp/v2/comments (POST)	1558943542479	1558943542801	OK	 
USER	RandomPostCommentRPS	150	END	1558943511969	1558943542801
