RUN	info.ragozin.loadlab.wp.simulations.RandomPostCommentClose	randompostcommentclose	1558943390150	 	3.1.2
USER	RandomPostCommentClose	1	START	1558943403065	1558943403065
REQUEST	1		/wp/v2/posts?{page} (GET)	1558943403132	1558943403606	OK	 
REQUEST	1		/wp/v2/posts?page/{id} (GET)	1558943403720	1558943403824	OK	 
REQUEST	1		/wp-json/wp/v2/comments (POST)	1558943403829	1558943403902	OK	 
USER	RandomPostCommentClose	1	END	1558943403065	1558943403907
USER	RandomPostCommentClose	2	START	1558943403907	1558943403907
REQUEST	2		/wp/v2/posts?{page} (GET)	1558943403909	1558943404102	OK	 
REQUEST	2		/wp/v2/posts?page/{id} (GET)	1558943404120	1558943404153	OK	 
REQUEST	2		/wp-json/wp/v2/comments (POST)	1558943404158	1558943404219	OK	 
USER	RandomPostCommentClose	2	END	1558943403907	1558943404220
USER	RandomPostCommentClose	3	START	1558943404221	1558943404221
REQUEST	3		/wp/v2/posts?{page} (GET)	1558943404222	1558943404506	OK	 
REQUEST	3		/wp/v2/posts?page/{id} (GET)	1558943404511	1558943404545	OK	 
REQUEST	3		/wp-json/wp/v2/comments (POST)	1558943404546	1558943404624	OK	 
USER	RandomPostCommentClose	3	END	1558943404221	1558943404625
USER	RandomPostCommentClose	4	START	1558943404625	1558943404625
REQUEST	4		/wp/v2/posts?{page} (GET)	1558943404627	1558943404904	OK	 
REQUEST	4		/wp/v2/posts?page/{id} (GET)	1558943404914	1558943404959	OK	 
REQUEST	4		/wp-json/wp/v2/comments (POST)	1558943404960	1558943405025	OK	 
USER	RandomPostCommentClose	4	END	1558943404625	1558943405026
USER	RandomPostCommentClose	5	START	1558943405026	1558943405026
REQUEST	5		/wp/v2/posts?{page} (GET)	1558943405028	1558943405305	OK	 
REQUEST	5		/wp/v2/posts?page/{id} (GET)	1558943405314	1558943405360	OK	 
REQUEST	5		/wp-json/wp/v2/comments (POST)	1558943405362	1558943405430	OK	 
USER	RandomPostCommentClose	5	END	1558943405026	1558943405431
USER	RandomPostCommentClose	6	START	1558943405431	1558943405431
REQUEST	6		/wp/v2/posts?{page} (GET)	1558943405433	1558943405703	OK	 
REQUEST	6		/wp/v2/posts?page/{id} (GET)	1558943405709	1558943405751	OK	 
REQUEST	6		/wp-json/wp/v2/comments (POST)	1558943405752	1558943405826	OK	 
USER	RandomPostCommentClose	6	END	1558943405431	1558943405827
USER	RandomPostCommentClose	7	START	1558943405827	1558943405827
REQUEST	7		/wp/v2/posts?{page} (GET)	1558943405829	1558943406103	OK	 
REQUEST	7		/wp/v2/posts?page/{id} (GET)	1558943406107	1558943406235	OK	 
REQUEST	7		/wp-json/wp/v2/comments (POST)	1558943406236	1558943406324	OK	 
USER	RandomPostCommentClose	7	END	1558943405827	1558943406325
USER	RandomPostCommentClose	8	START	1558943406326	1558943406326
REQUEST	8		/wp/v2/posts?{page} (GET)	1558943406328	1558943406551	OK	 
REQUEST	8		/wp/v2/posts?page/{id} (GET)	1558943406555	1558943406620	OK	 
REQUEST	8		/wp-json/wp/v2/comments (POST)	1558943406621	1558943406708	OK	 
USER	RandomPostCommentClose	8	END	1558943406326	1558943406710
USER	RandomPostCommentClose	9	START	1558943406711	1558943406711
REQUEST	9		/wp/v2/posts?{page} (GET)	1558943406714	1558943406949	OK	 
REQUEST	9		/wp/v2/posts?page/{id} (GET)	1558943406953	1558943407033	OK	 
REQUEST	9		/wp-json/wp/v2/comments (POST)	1558943407034	1558943407135	OK	 
USER	RandomPostCommentClose	9	END	1558943406711	1558943407136
USER	RandomPostCommentClose	10	START	1558943407136	1558943407136
REQUEST	10		/wp/v2/posts?{page} (GET)	1558943407138	1558943407406	OK	 
REQUEST	10		/wp/v2/posts?page/{id} (GET)	1558943407412	1558943407455	OK	 
REQUEST	10		/wp-json/wp/v2/comments (POST)	1558943407455	1558943407537	OK	 
USER	RandomPostCommentClose	10	END	1558943407136	1558943407538
USER	RandomPostCommentClose	11	START	1558943407538	1558943407538
REQUEST	11		/wp/v2/posts?{page} (GET)	1558943407539	1558943407805	OK	 
REQUEST	11		/wp/v2/posts?page/{id} (GET)	1558943407812	1558943407856	OK	 
REQUEST	11		/wp-json/wp/v2/comments (POST)	1558943407857	1558943407925	OK	 
USER	RandomPostCommentClose	11	END	1558943407538	1558943407926
USER	RandomPostCommentClose	12	START	1558943407927	1558943407927
REQUEST	12		/wp/v2/posts?{page} (GET)	1558943407928	1558943408041	OK	 
REQUEST	12		/wp/v2/posts?page/{id} (GET)	1558943408044	1558943408139	OK	 
REQUEST	12		/wp-json/wp/v2/comments (POST)	1558943408140	1558943408225	OK	 
USER	RandomPostCommentClose	12	END	1558943407927	1558943408226
USER	RandomPostCommentClose	13	START	1558943408226	1558943408226
REQUEST	13		/wp/v2/posts?{page} (GET)	1558943408227	1558943408346	OK	 
REQUEST	13		/wp/v2/posts?page/{id} (GET)	1558943408348	1558943408431	OK	 
REQUEST	13		/wp-json/wp/v2/comments (POST)	1558943408432	1558943408536	OK	 
USER	RandomPostCommentClose	13	END	1558943408226	1558943408536
USER	RandomPostCommentClose	14	START	1558943408537	1558943408537
REQUEST	14		/wp/v2/posts?{page} (GET)	1558943408538	1558943408736	OK	 
REQUEST	14		/wp/v2/posts?page/{id} (GET)	1558943408739	1558943408809	OK	 
REQUEST	14		/wp-json/wp/v2/comments (POST)	1558943408810	1558943408843	OK	 
USER	RandomPostCommentClose	14	END	1558943408537	1558943408844
USER	RandomPostCommentClose	15	START	1558943408844	1558943408844
REQUEST	15		/wp/v2/posts?{page} (GET)	1558943408845	1558943409102	OK	 
REQUEST	15		/wp/v2/posts?page/{id} (GET)	1558943409110	1558943409161	OK	 
REQUEST	15		/wp-json/wp/v2/comments (POST)	1558943409162	1558943409232	OK	 
USER	RandomPostCommentClose	15	END	1558943408844	1558943409233
USER	RandomPostCommentClose	16	START	1558943409233	1558943409233
REQUEST	16		/wp/v2/posts?{page} (GET)	1558943409234	1558943409506	OK	 
REQUEST	16		/wp/v2/posts?page/{id} (GET)	1558943409509	1558943409543	OK	 
REQUEST	16		/wp-json/wp/v2/comments (POST)	1558943409544	1558943409616	OK	 
USER	RandomPostCommentClose	16	END	1558943409233	1558943409617
USER	RandomPostCommentClose	17	START	1558943409617	1558943409617
REQUEST	17		/wp/v2/posts?{page} (GET)	1558943409619	1558943409753	OK	 
REQUEST	17		/wp/v2/posts?page/{id} (GET)	1558943409755	1558943409823	OK	 
REQUEST	17		/wp-json/wp/v2/comments (POST)	1558943409824	1558943409927	OK	 
USER	RandomPostCommentClose	17	END	1558943409617	1558943409928
USER	RandomPostCommentClose	18	START	1558943409929	1558943409929
REQUEST	18		/wp/v2/posts?{page} (GET)	1558943409930	1558943410057	OK	 
REQUEST	18		/wp/v2/posts?page/{id} (GET)	1558943410059	1558943410135	OK	 
REQUEST	18		/wp-json/wp/v2/comments (POST)	1558943410136	1558943410212	OK	 
USER	RandomPostCommentClose	18	END	1558943409929	1558943410213
USER	RandomPostCommentClose	19	START	1558943410214	1558943410214
REQUEST	19		/wp/v2/posts?{page} (GET)	1558943410215	1558943410365	OK	 
REQUEST	19		/wp/v2/posts?page/{id} (GET)	1558943410368	1558943410431	OK	 
REQUEST	19		/wp-json/wp/v2/comments (POST)	1558943410432	1558943410521	OK	 
USER	RandomPostCommentClose	19	END	1558943410214	1558943410522
USER	RandomPostCommentClose	20	START	1558943410522	1558943410522
REQUEST	20		/wp/v2/posts?{page} (GET)	1558943410524	1558943410653	OK	 
REQUEST	20		/wp/v2/posts?page/{id} (GET)	1558943410655	1558943410724	OK	 
REQUEST	20		/wp-json/wp/v2/comments (POST)	1558943410725	1558943410815	OK	 
USER	RandomPostCommentClose	20	END	1558943410522	1558943410816
USER	RandomPostCommentClose	21	START	1558943410816	1558943410816
REQUEST	21		/wp/v2/posts?{page} (GET)	1558943410817	1558943410983	OK	 
REQUEST	21		/wp/v2/posts?page/{id} (GET)	1558943410985	1558943411031	OK	 
REQUEST	21		/wp-json/wp/v2/comments (POST)	1558943411032	1558943411170	OK	 
USER	RandomPostCommentClose	21	END	1558943410816	1558943411172
USER	RandomPostCommentClose	22	START	1558943411173	1558943411173
REQUEST	22		/wp/v2/posts?{page} (GET)	1558943411176	1558943411407	OK	 
REQUEST	22		/wp/v2/posts?page/{id} (GET)	1558943411412	1558943411455	OK	 
REQUEST	22		/wp-json/wp/v2/comments (POST)	1558943411456	1558943411543	OK	 
USER	RandomPostCommentClose	22	END	1558943411173	1558943411544
USER	RandomPostCommentClose	23	START	1558943411544	1558943411544
REQUEST	23		/wp/v2/posts?{page} (GET)	1558943411546	1558943411702	OK	 
REQUEST	23		/wp/v2/posts?page/{id} (GET)	1558943411707	1558943411758	OK	 
REQUEST	23		/wp-json/wp/v2/comments (POST)	1558943411759	1558943411824	KO	status.find.in(200,201,202,203,204,205,206,207,208,209,304), found 409
USER	RandomPostCommentClose	23	END	1558943411544	1558943411832
USER	RandomPostCommentClose	24	START	1558943411832	1558943411832
REQUEST	24		/wp/v2/posts?{page} (GET)	1558943411833	1558943412018	OK	 
REQUEST	24		/wp/v2/posts?page/{id} (GET)	1558943412020	1558943412101	OK	 
REQUEST	24		/wp-json/wp/v2/comments (POST)	1558943412102	1558943412141	OK	 
USER	RandomPostCommentClose	24	END	1558943411832	1558943412142
USER	RandomPostCommentClose	25	START	1558943412142	1558943412142
REQUEST	25		/wp/v2/posts?{page} (GET)	1558943412144	1558943412401	OK	 
REQUEST	25		/wp/v2/posts?page/{id} (GET)	1558943412406	1558943412439	OK	 
REQUEST	25		/wp-json/wp/v2/comments (POST)	1558943412440	1558943412529	OK	 
USER	RandomPostCommentClose	25	END	1558943412142	1558943412530
USER	RandomPostCommentClose	26	START	1558943412530	1558943412530
REQUEST	26		/wp/v2/posts?{page} (GET)	1558943412531	1558943412631	OK	 
REQUEST	26		/wp/v2/posts?page/{id} (GET)	1558943412633	1558943412723	OK	 
REQUEST	26		/wp-json/wp/v2/comments (POST)	1558943412725	1558943412816	OK	 
USER	RandomPostCommentClose	26	END	1558943412530	1558943412817
USER	RandomPostCommentClose	27	START	1558943412818	1558943412818
REQUEST	27		/wp/v2/posts?{page} (GET)	1558943412820	1558943412939	OK	 
REQUEST	27		/wp/v2/posts?page/{id} (GET)	1558943412942	1558943413035	OK	 
REQUEST	27		/wp-json/wp/v2/comments (POST)	1558943413036	1558943413135	OK	 
USER	RandomPostCommentClose	27	END	1558943412818	1558943413135
USER	RandomPostCommentClose	28	START	1558943413135	1558943413135
REQUEST	28		/wp/v2/posts?{page} (GET)	1558943413137	1558943413403	OK	 
REQUEST	28		/wp/v2/posts?page/{id} (GET)	1558943413408	1558943413455	OK	 
REQUEST	28		/wp-json/wp/v2/comments (POST)	1558943413456	1558943413526	OK	 
USER	RandomPostCommentClose	28	END	1558943413135	1558943413527
USER	RandomPostCommentClose	29	START	1558943413527	1558943413527
REQUEST	29		/wp/v2/posts?{page} (GET)	1558943413528	1558943413803	OK	 
REQUEST	29		/wp/v2/posts?page/{id} (GET)	1558943413808	1558943413853	OK	 
REQUEST	29		/wp-json/wp/v2/comments (POST)	1558943413854	1558943413924	OK	 
USER	RandomPostCommentClose	29	END	1558943413527	1558943413925
USER	RandomPostCommentClose	30	START	1558943413925	1558943413925
REQUEST	30		/wp/v2/posts?{page} (GET)	1558943413927	1558943414102	OK	 
REQUEST	30		/wp/v2/posts?page/{id} (GET)	1558943414105	1558943414147	OK	 
REQUEST	30		/wp-json/wp/v2/comments (POST)	1558943414148	1558943414251	OK	 
USER	RandomPostCommentClose	30	END	1558943413925	1558943414251
USER	RandomPostCommentClose	31	START	1558943414252	1558943414252
REQUEST	31		/wp/v2/posts?{page} (GET)	1558943414253	1558943414604	OK	 
REQUEST	31		/wp/v2/posts?page/{id} (GET)	1558943414610	1558943414655	OK	 
REQUEST	31		/wp-json/wp/v2/comments (POST)	1558943414656	1558943414726	OK	 
USER	RandomPostCommentClose	31	END	1558943414252	1558943414727
USER	RandomPostCommentClose	32	START	1558943414727	1558943414727
REQUEST	32		/wp/v2/posts?{page} (GET)	1558943414728	1558943414943	OK	 
REQUEST	32		/wp/v2/posts?page/{id} (GET)	1558943414945	1558943415014	OK	 
REQUEST	32		/wp-json/wp/v2/comments (POST)	1558943415015	1558943415049	OK	 
USER	RandomPostCommentClose	32	END	1558943414727	1558943415050
USER	RandomPostCommentClose	33	START	1558943415050	1558943415050
REQUEST	33		/wp/v2/posts?{page} (GET)	1558943415051	1558943415304	OK	 
REQUEST	33		/wp/v2/posts?page/{id} (GET)	1558943415309	1558943415354	OK	 
REQUEST	33		/wp-json/wp/v2/comments (POST)	1558943415355	1558943415426	OK	 
USER	RandomPostCommentClose	33	END	1558943415050	1558943415427
USER	RandomPostCommentClose	34	START	1558943415427	1558943415427
REQUEST	34		/wp/v2/posts?{page} (GET)	1558943415428	1558943415550	OK	 
REQUEST	34		/wp/v2/posts?page/{id} (GET)	1558943415552	1558943415629	OK	 
REQUEST	34		/wp-json/wp/v2/comments (POST)	1558943415630	1558943415730	OK	 
USER	RandomPostCommentClose	34	END	1558943415427	1558943415731
USER	RandomPostCommentClose	35	START	1558943415731	1558943415731
REQUEST	35		/wp/v2/posts?{page} (GET)	1558943415732	1558943415956	OK	 
REQUEST	35		/wp/v2/posts?page/{id} (GET)	1558943415959	1558943416024	OK	 
REQUEST	35		/wp-json/wp/v2/comments (POST)	1558943416025	1558943416112	OK	 
USER	RandomPostCommentClose	35	END	1558943415731	1558943416113
USER	RandomPostCommentClose	36	START	1558943416113	1558943416113
REQUEST	36		/wp/v2/posts?{page} (GET)	1558943416116	1558943416241	OK	 
REQUEST	36		/wp/v2/posts?page/{id} (GET)	1558943416243	1558943416333	OK	 
REQUEST	36		/wp-json/wp/v2/comments (POST)	1558943416334	1558943416481	OK	 
USER	RandomPostCommentClose	36	END	1558943416113	1558943416482
USER	RandomPostCommentClose	37	START	1558943416482	1558943416482
REQUEST	37		/wp/v2/posts?{page} (GET)	1558943416486	1558943416704	OK	 
REQUEST	37		/wp/v2/posts?page/{id} (GET)	1558943416709	1558943416751	OK	 
REQUEST	37		/wp-json/wp/v2/comments (POST)	1558943416752	1558943416829	OK	 
USER	RandomPostCommentClose	37	END	1558943416482	1558943416830
USER	RandomPostCommentClose	38	START	1558943416830	1558943416830
REQUEST	38		/wp/v2/posts?{page} (GET)	1558943416832	1558943417102	OK	 
REQUEST	38		/wp/v2/posts?page/{id} (GET)	1558943417105	1558943417134	OK	 
REQUEST	38		/wp-json/wp/v2/comments (POST)	1558943417135	1558943417219	OK	 
USER	RandomPostCommentClose	38	END	1558943416830	1558943417220
USER	RandomPostCommentClose	39	START	1558943417221	1558943417221
REQUEST	39		/wp/v2/posts?{page} (GET)	1558943417223	1558943417503	OK	 
REQUEST	39		/wp/v2/posts?page/{id} (GET)	1558943417508	1558943417557	OK	 
REQUEST	39		/wp-json/wp/v2/comments (POST)	1558943417558	1558943417625	KO	status.find.in(200,201,202,203,204,205,206,207,208,209,304), found 409
USER	RandomPostCommentClose	39	END	1558943417221	1558943417626
USER	RandomPostCommentClose	40	START	1558943417626	1558943417626
REQUEST	40		/wp/v2/posts?{page} (GET)	1558943417627	1558943417905	OK	 
REQUEST	40		/wp/v2/posts?page/{id} (GET)	1558943417910	1558943417953	OK	 
REQUEST	40		/wp-json/wp/v2/comments (POST)	1558943417953	1558943418022	OK	 
USER	RandomPostCommentClose	40	END	1558943417626	1558943418022
USER	RandomPostCommentClose	41	START	1558943418022	1558943418022
REQUEST	41		/wp/v2/posts?{page} (GET)	1558943418024	1558943418303	OK	 
REQUEST	41		/wp/v2/posts?page/{id} (GET)	1558943418305	1558943418331	OK	 
REQUEST	41		/wp-json/wp/v2/comments (POST)	1558943418332	1558943418414	OK	 
USER	RandomPostCommentClose	41	END	1558943418022	1558943418415
USER	RandomPostCommentClose	42	START	1558943418415	1558943418415
REQUEST	42		/wp/v2/posts?{page} (GET)	1558943418416	1558943418546	OK	 
REQUEST	42		/wp/v2/posts?page/{id} (GET)	1558943418547	1558943418637	OK	 
REQUEST	42		/wp-json/wp/v2/comments (POST)	1558943418638	1558943418712	KO	status.find.in(200,201,202,203,204,205,206,207,208,209,304), found 409
USER	RandomPostCommentClose	42	END	1558943418415	1558943418713
USER	RandomPostCommentClose	43	START	1558943418713	1558943418713
REQUEST	43		/wp/v2/posts?{page} (GET)	1558943418714	1558943419004	OK	 
REQUEST	43		/wp/v2/posts?page/{id} (GET)	1558943419009	1558943419055	OK	 
REQUEST	43		/wp-json/wp/v2/comments (POST)	1558943419056	1558943419130	OK	 
USER	RandomPostCommentClose	43	END	1558943418713	1558943419131
USER	RandomPostCommentClose	44	START	1558943419131	1558943419131
REQUEST	44		/wp/v2/posts?{page} (GET)	1558943419132	1558943419407	OK	 
REQUEST	44		/wp/v2/posts?page/{id} (GET)	1558943419412	1558943419454	OK	 
REQUEST	44		/wp-json/wp/v2/comments (POST)	1558943419455	1558943419531	OK	 
USER	RandomPostCommentClose	44	END	1558943419131	1558943419532
USER	RandomPostCommentClose	45	START	1558943419532	1558943419532
REQUEST	45		/wp/v2/posts?{page} (GET)	1558943419534	1558943419801	OK	 
REQUEST	45		/wp/v2/posts?page/{id} (GET)	1558943419805	1558943419855	OK	 
REQUEST	45		/wp-json/wp/v2/comments (POST)	1558943419855	1558943419946	OK	 
USER	RandomPostCommentClose	45	END	1558943419532	1558943419946
USER	RandomPostCommentClose	46	START	1558943419947	1558943419947
REQUEST	46		/wp/v2/posts?{page} (GET)	1558943419948	1558943420151	OK	 
REQUEST	46		/wp/v2/posts?page/{id} (GET)	1558943420153	1558943420218	OK	 
REQUEST	46		/wp-json/wp/v2/comments (POST)	1558943420219	1558943420252	OK	 
USER	RandomPostCommentClose	46	END	1558943419947	1558943420253
USER	RandomPostCommentClose	47	START	1558943420253	1558943420253
REQUEST	47		/wp/v2/posts?{page} (GET)	1558943420254	1558943420501	OK	 
REQUEST	47		/wp/v2/posts?page/{id} (GET)	1558943420502	1558943420529	OK	 
REQUEST	47		/wp-json/wp/v2/comments (POST)	1558943420530	1558943420623	OK	 
USER	RandomPostCommentClose	47	END	1558943420253	1558943420624
USER	RandomPostCommentClose	48	START	1558943420624	1558943420624
REQUEST	48		/wp/v2/posts?{page} (GET)	1558943420626	1558943420773	OK	 
REQUEST	48		/wp/v2/posts?page/{id} (GET)	1558943420775	1558943420809	OK	 
REQUEST	48		/wp-json/wp/v2/comments (POST)	1558943420810	1558943420857	OK	 
USER	RandomPostCommentClose	48	END	1558943420624	1558943420858
USER	RandomPostCommentClose	49	START	1558943420858	1558943420858
REQUEST	49		/wp/v2/posts?{page} (GET)	1558943420859	1558943421102	OK	 
REQUEST	49		/wp/v2/posts?page/{id} (GET)	1558943421106	1558943421153	OK	 
REQUEST	49		/wp-json/wp/v2/comments (POST)	1558943421154	1558943421245	OK	 
USER	RandomPostCommentClose	49	END	1558943420858	1558943421246
USER	RandomPostCommentClose	50	START	1558943421246	1558943421246
REQUEST	50		/wp/v2/posts?{page} (GET)	1558943421247	1558943421502	OK	 
REQUEST	50		/wp/v2/posts?page/{id} (GET)	1558943421506	1558943421572	OK	 
REQUEST	50		/wp-json/wp/v2/comments (POST)	1558943421573	1558943421624	OK	 
USER	RandomPostCommentClose	50	END	1558943421246	1558943421624
USER	RandomPostCommentClose	51	START	1558943421624	1558943421624
REQUEST	51		/wp/v2/posts?{page} (GET)	1558943421625	1558943421801	OK	 
REQUEST	51		/wp/v2/posts?page/{id} (GET)	1558943421804	1558943421830	OK	 
REQUEST	51		/wp-json/wp/v2/comments (POST)	1558943421831	1558943421918	OK	 
USER	RandomPostCommentClose	51	END	1558943421624	1558943421919
USER	RandomPostCommentClose	52	START	1558943421919	1558943421919
REQUEST	52		/wp/v2/posts?{page} (GET)	1558943421921	1558943422107	OK	 
REQUEST	52		/wp/v2/posts?page/{id} (GET)	1558943422113	1558943422155	OK	 
REQUEST	52		/wp-json/wp/v2/comments (POST)	1558943422156	1558943422243	OK	 
USER	RandomPostCommentClose	52	END	1558943421919	1558943422244
USER	RandomPostCommentClose	53	START	1558943422244	1558943422244
REQUEST	53		/wp/v2/posts?{page} (GET)	1558943422245	1558943422503	OK	 
REQUEST	53		/wp/v2/posts?page/{id} (GET)	1558943422506	1558943422551	OK	 
REQUEST	53		/wp-json/wp/v2/comments (POST)	1558943422551	1558943422628	OK	 
USER	RandomPostCommentClose	53	END	1558943422244	1558943422628
USER	RandomPostCommentClose	54	START	1558943422629	1558943422629
REQUEST	54		/wp/v2/posts?{page} (GET)	1558943422630	1558943422903	OK	 
REQUEST	54		/wp/v2/posts?page/{id} (GET)	1558943422915	1558943423034	OK	 
REQUEST	54		/wp-json/wp/v2/comments (POST)	1558943423035	1558943423113	OK	 
USER	RandomPostCommentClose	54	END	1558943422629	1558943423114
USER	RandomPostCommentClose	55	START	1558943423114	1558943423114
REQUEST	55		/wp/v2/posts?{page} (GET)	1558943423116	1558943423401	OK	 
REQUEST	55		/wp/v2/posts?page/{id} (GET)	1558943423404	1558943423530	OK	 
REQUEST	55		/wp-json/wp/v2/comments (POST)	1558943423531	1558943423604	OK	 
USER	RandomPostCommentClose	55	END	1558943423114	1558943423605
USER	RandomPostCommentClose	56	START	1558943423605	1558943423605
REQUEST	56		/wp/v2/posts?{page} (GET)	1558943423607	1558943423804	OK	 
REQUEST	56		/wp/v2/posts?page/{id} (GET)	1558943423808	1558943423849	OK	 
REQUEST	56		/wp-json/wp/v2/comments (POST)	1558943423850	1558943423923	OK	 
USER	RandomPostCommentClose	56	END	1558943423605	1558943423924
USER	RandomPostCommentClose	57	START	1558943423924	1558943423924
REQUEST	57		/wp/v2/posts?{page} (GET)	1558943423925	1558943424064	OK	 
REQUEST	57		/wp/v2/posts?page/{id} (GET)	1558943424066	1558943424175	OK	 
REQUEST	57		/wp-json/wp/v2/comments (POST)	1558943424176	1558943424233	OK	 
USER	RandomPostCommentClose	57	END	1558943423924	1558943424234
USER	RandomPostCommentClose	58	START	1558943424234	1558943424234
REQUEST	58		/wp/v2/posts?{page} (GET)	1558943424235	1558943424471	OK	 
REQUEST	58		/wp/v2/posts?page/{id} (GET)	1558943424473	1558943424523	OK	 
REQUEST	58		/wp-json/wp/v2/comments (POST)	1558943424523	1558943424581	OK	 
USER	RandomPostCommentClose	58	END	1558943424234	1558943424581
USER	RandomPostCommentClose	59	START	1558943424581	1558943424581
REQUEST	59		/wp/v2/posts?{page} (GET)	1558943424582	1558943424803	OK	 
REQUEST	59		/wp/v2/posts?page/{id} (GET)	1558943424809	1558943424856	OK	 
REQUEST	59		/wp-json/wp/v2/comments (POST)	1558943424856	1558943424929	OK	 
USER	RandomPostCommentClose	59	END	1558943424581	1558943424930
USER	RandomPostCommentClose	60	START	1558943424930	1558943424930
REQUEST	60		/wp/v2/posts?{page} (GET)	1558943424931	1558943425053	OK	 
REQUEST	60		/wp/v2/posts?page/{id} (GET)	1558943425055	1558943425148	OK	 
REQUEST	60		/wp-json/wp/v2/comments (POST)	1558943425149	1558943425302	OK	 
USER	RandomPostCommentClose	60	END	1558943424930	1558943425303
USER	RandomPostCommentClose	61	START	1558943425304	1558943425304
REQUEST	61		/wp/v2/posts?{page} (GET)	1558943425306	1558943425430	OK	 
REQUEST	61		/wp/v2/posts?page/{id} (GET)	1558943425433	1558943425510	OK	 
REQUEST	61		/wp-json/wp/v2/comments (POST)	1558943425510	1558943425544	OK	 
USER	RandomPostCommentClose	61	END	1558943425304	1558943425544
USER	RandomPostCommentClose	62	START	1558943425544	1558943425544
REQUEST	62		/wp/v2/posts?{page} (GET)	1558943425545	1558943425806	OK	 
REQUEST	62		/wp/v2/posts?page/{id} (GET)	1558943425810	1558943425853	OK	 
REQUEST	62		/wp-json/wp/v2/comments (POST)	1558943425854	1558943425923	OK	 
USER	RandomPostCommentClose	62	END	1558943425544	1558943425924
USER	RandomPostCommentClose	63	START	1558943425924	1558943425924
REQUEST	63		/wp/v2/posts?{page} (GET)	1558943425925	1558943426206	OK	 
REQUEST	63		/wp/v2/posts?page/{id} (GET)	1558943426209	1558943426251	OK	 
REQUEST	63		/wp-json/wp/v2/comments (POST)	1558943426251	1558943426323	OK	 
USER	RandomPostCommentClose	63	END	1558943425924	1558943426324
USER	RandomPostCommentClose	64	START	1558943426324	1558943426324
REQUEST	64		/wp/v2/posts?{page} (GET)	1558943426325	1558943426454	OK	 
REQUEST	64		/wp/v2/posts?page/{id} (GET)	1558943426456	1558943426530	OK	 
REQUEST	64		/wp-json/wp/v2/comments (POST)	1558943426531	1558943426631	OK	 
USER	RandomPostCommentClose	64	END	1558943426324	1558943426632
USER	RandomPostCommentClose	65	START	1558943426632	1558943426632
REQUEST	65		/wp/v2/posts?{page} (GET)	1558943426633	1558943426752	OK	 
REQUEST	65		/wp/v2/posts?page/{id} (GET)	1558943426754	1558943426838	OK	 
REQUEST	65		/wp-json/wp/v2/comments (POST)	1558943426839	1558943426943	OK	 
USER	RandomPostCommentClose	65	END	1558943426632	1558943426943
USER	RandomPostCommentClose	66	START	1558943426943	1558943426943
REQUEST	66		/wp/v2/posts?{page} (GET)	1558943426944	1558943427147	OK	 
REQUEST	66		/wp/v2/posts?page/{id} (GET)	1558943427149	1558943427238	OK	 
REQUEST	66		/wp-json/wp/v2/comments (POST)	1558943427238	1558943427339	OK	 
USER	RandomPostCommentClose	66	END	1558943426943	1558943427340
USER	RandomPostCommentClose	67	START	1558943427340	1558943427340
REQUEST	67		/wp/v2/posts?{page} (GET)	1558943427341	1558943427604	OK	 
REQUEST	67		/wp/v2/posts?page/{id} (GET)	1558943427608	1558943427650	OK	 
REQUEST	67		/wp-json/wp/v2/comments (POST)	1558943427651	1558943427742	OK	 
USER	RandomPostCommentClose	67	END	1558943427340	1558943427742
USER	RandomPostCommentClose	68	START	1558943427742	1558943427742
REQUEST	68		/wp/v2/posts?{page} (GET)	1558943427743	1558943428005	OK	 
REQUEST	68		/wp/v2/posts?page/{id} (GET)	1558943428009	1558943428051	OK	 
REQUEST	68		/wp-json/wp/v2/comments (POST)	1558943428052	1558943428138	OK	 
USER	RandomPostCommentClose	68	END	1558943427742	1558943428139
USER	RandomPostCommentClose	69	START	1558943428139	1558943428139
REQUEST	69		/wp/v2/posts?{page} (GET)	1558943428140	1558943428405	OK	 
REQUEST	69		/wp/v2/posts?page/{id} (GET)	1558943428409	1558943428457	OK	 
REQUEST	69		/wp-json/wp/v2/comments (POST)	1558943428458	1558943428527	OK	 
USER	RandomPostCommentClose	69	END	1558943428139	1558943428527
USER	RandomPostCommentClose	70	START	1558943428528	1558943428528
REQUEST	70		/wp/v2/posts?{page} (GET)	1558943428528	1558943428804	OK	 
REQUEST	70		/wp/v2/posts?page/{id} (GET)	1558943428808	1558943428854	OK	 
REQUEST	70		/wp-json/wp/v2/comments (POST)	1558943428854	1558943428924	OK	 
USER	RandomPostCommentClose	70	END	1558943428528	1558943428925
USER	RandomPostCommentClose	71	START	1558943428925	1558943428925
REQUEST	71		/wp/v2/posts?{page} (GET)	1558943428926	1558943429104	OK	 
REQUEST	71		/wp/v2/posts?page/{id} (GET)	1558943429108	1558943429155	OK	 
REQUEST	71		/wp-json/wp/v2/comments (POST)	1558943429156	1558943429252	OK	 
USER	RandomPostCommentClose	71	END	1558943428925	1558943429253
USER	RandomPostCommentClose	72	START	1558943429253	1558943429253
REQUEST	72		/wp/v2/posts?{page} (GET)	1558943429254	1558943429602	OK	 
REQUEST	72		/wp/v2/posts?page/{id} (GET)	1558943429607	1558943429724	OK	 
REQUEST	72		/wp-json/wp/v2/comments (POST)	1558943429725	1558943429806	OK	 
USER	RandomPostCommentClose	72	END	1558943429253	1558943429807
USER	RandomPostCommentClose	73	START	1558943429807	1558943429807
REQUEST	73		/wp/v2/posts?{page} (GET)	1558943429809	1558943429942	OK	 
REQUEST	73		/wp/v2/posts?page/{id} (GET)	1558943429944	1558943430044	OK	 
REQUEST	73		/wp-json/wp/v2/comments (POST)	1558943430045	1558943430122	OK	 
USER	RandomPostCommentClose	73	END	1558943429807	1558943430123
USER	RandomPostCommentClose	74	START	1558943430123	1558943430123
REQUEST	74		/wp/v2/posts?{page} (GET)	1558943430123	1558943430304	OK	 
REQUEST	74		/wp/v2/posts?page/{id} (GET)	1558943430306	1558943430338	OK	 
REQUEST	74		/wp-json/wp/v2/comments (POST)	1558943430338	1558943430442	OK	 
USER	RandomPostCommentClose	74	END	1558943430123	1558943430442
USER	RandomPostCommentClose	75	START	1558943430442	1558943430442
REQUEST	75		/wp/v2/posts?{page} (GET)	1558943430443	1558943430701	OK	 
REQUEST	75		/wp/v2/posts?page/{id} (GET)	1558943430703	1558943430764	OK	 
REQUEST	75		/wp-json/wp/v2/comments (POST)	1558943430765	1558943430834	OK	 
USER	RandomPostCommentClose	75	END	1558943430442	1558943430834
USER	RandomPostCommentClose	76	START	1558943430835	1558943430835
REQUEST	76		/wp/v2/posts?{page} (GET)	1558943430836	1558943430932	OK	 
REQUEST	76		/wp/v2/posts?page/{id} (GET)	1558943430933	1558943430960	OK	 
REQUEST	76		/wp-json/wp/v2/comments (POST)	1558943430961	1558943431029	OK	 
USER	RandomPostCommentClose	76	END	1558943430835	1558943431030
USER	RandomPostCommentClose	77	START	1558943431030	1558943431030
REQUEST	77		/wp/v2/posts?{page} (GET)	1558943431031	1558943431303	OK	 
REQUEST	77		/wp/v2/posts?page/{id} (GET)	1558943431305	1558943431336	OK	 
REQUEST	77		/wp-json/wp/v2/comments (POST)	1558943431337	1558943431424	OK	 
USER	RandomPostCommentClose	77	END	1558943431030	1558943431425
USER	RandomPostCommentClose	78	START	1558943431425	1558943431425
REQUEST	78		/wp/v2/posts?{page} (GET)	1558943431426	1558943431604	OK	 
REQUEST	78		/wp/v2/posts?page/{id} (GET)	1558943431606	1558943431702	OK	 
REQUEST	78		/wp-json/wp/v2/comments (POST)	1558943431703	1558943431881	OK	 
USER	RandomPostCommentClose	78	END	1558943431425	1558943431882
USER	RandomPostCommentClose	79	START	1558943431882	1558943431882
REQUEST	79		/wp/v2/posts?{page} (GET)	1558943431884	1558943432103	OK	 
REQUEST	79		/wp/v2/posts?page/{id} (GET)	1558943432106	1558943432156	OK	 
REQUEST	79		/wp-json/wp/v2/comments (POST)	1558943432157	1558943432242	OK	 
USER	RandomPostCommentClose	79	END	1558943431882	1558943432242
USER	RandomPostCommentClose	80	START	1558943432243	1558943432243
REQUEST	80		/wp/v2/posts?{page} (GET)	1558943432243	1558943432504	OK	 
REQUEST	80		/wp/v2/posts?page/{id} (GET)	1558943432508	1558943432554	OK	 
REQUEST	80		/wp-json/wp/v2/comments (POST)	1558943432554	1558943432624	OK	 
USER	RandomPostCommentClose	80	END	1558943432243	1558943432625
USER	RandomPostCommentClose	81	START	1558943432625	1558943432625
REQUEST	81		/wp/v2/posts?{page} (GET)	1558943432626	1558943432904	OK	 
REQUEST	81		/wp/v2/posts?page/{id} (GET)	1558943432908	1558943432955	OK	 
REQUEST	81		/wp-json/wp/v2/comments (POST)	1558943432956	1558943433022	KO	status.find.in(200,201,202,203,204,205,206,207,208,209,304), found 409
USER	RandomPostCommentClose	81	END	1558943432625	1558943433023
USER	RandomPostCommentClose	82	START	1558943433023	1558943433023
REQUEST	82		/wp/v2/posts?{page} (GET)	1558943433024	1558943433235	OK	 
REQUEST	82		/wp/v2/posts?page/{id} (GET)	1558943433237	1558943433315	OK	 
REQUEST	82		/wp-json/wp/v2/comments (POST)	1558943433316	1558943433402	OK	 
USER	RandomPostCommentClose	82	END	1558943433023	1558943433403
USER	RandomPostCommentClose	83	START	1558943433404	1558943433404
REQUEST	83		/wp/v2/posts?{page} (GET)	1558943433405	1558943433706	OK	 
REQUEST	83		/wp/v2/posts?page/{id} (GET)	1558943433710	1558943433840	OK	 
REQUEST	83		/wp-json/wp/v2/comments (POST)	1558943433841	1558943433942	OK	 
USER	RandomPostCommentClose	83	END	1558943433404	1558943433942
USER	RandomPostCommentClose	84	START	1558943433942	1558943433942
USER	RandomPostCommentClose	85	START	1558943434059	1558943434059
REQUEST	84		/wp/v2/posts?{page} (GET)	1558943433943	1558943434216	OK	 
REQUEST	85		/wp/v2/posts?{page} (GET)	1558943434060	1558943434318	OK	 
REQUEST	84		/wp/v2/posts?page/{id} (GET)	1558943434218	1558943434424	OK	 
REQUEST	85		/wp/v2/posts?page/{id} (GET)	1558943434321	1558943434426	OK	 
REQUEST	84		/wp-json/wp/v2/comments (POST)	1558943434425	1558943434620	OK	 
USER	RandomPostCommentClose	84	END	1558943433942	1558943434621
USER	RandomPostCommentClose	86	START	1558943434621	1558943434621
REQUEST	85		/wp-json/wp/v2/comments (POST)	1558943434427	1558943434702	OK	 
USER	RandomPostCommentClose	85	END	1558943434059	1558943434703
USER	RandomPostCommentClose	87	START	1558943434704	1558943434704
REQUEST	86		/wp/v2/posts?{page} (GET)	1558943434624	1558943435020	OK	 
REQUEST	87		/wp/v2/posts?{page} (GET)	1558943434706	1558943435035	OK	 
REQUEST	86		/wp/v2/posts?page/{id} (GET)	1558943435023	1558943435136	OK	 
REQUEST	87		/wp/v2/posts?page/{id} (GET)	1558943435037	1558943435148	OK	 
REQUEST	86		/wp-json/wp/v2/comments (POST)	1558943435137	1558943435358	OK	 
USER	RandomPostCommentClose	86	END	1558943434621	1558943435359
USER	RandomPostCommentClose	88	START	1558943435359	1558943435359
REQUEST	87		/wp-json/wp/v2/comments (POST)	1558943435148	1558943435375	OK	 
USER	RandomPostCommentClose	87	END	1558943434704	1558943435375
USER	RandomPostCommentClose	89	START	1558943435375	1558943435375
REQUEST	88		/wp/v2/posts?{page} (GET)	1558943435360	1558943435702	OK	 
REQUEST	89		/wp/v2/posts?{page} (GET)	1558943435376	1558943435715	OK	 
REQUEST	88		/wp/v2/posts?page/{id} (GET)	1558943435704	1558943435833	OK	 
REQUEST	89		/wp/v2/posts?page/{id} (GET)	1558943435717	1558943435849	OK	 
REQUEST	88		/wp-json/wp/v2/comments (POST)	1558943435833	1558943435937	OK	 
USER	RandomPostCommentClose	88	END	1558943435359	1558943435938
USER	RandomPostCommentClose	90	START	1558943435938	1558943435938
REQUEST	89		/wp-json/wp/v2/comments (POST)	1558943435849	1558943436010	OK	 
USER	RandomPostCommentClose	89	END	1558943435375	1558943436010
USER	RandomPostCommentClose	91	START	1558943436010	1558943436010
REQUEST	90		/wp/v2/posts?{page} (GET)	1558943435938	1558943436301	OK	 
REQUEST	91		/wp/v2/posts?{page} (GET)	1558943436011	1558943436324	OK	 
REQUEST	90		/wp/v2/posts?page/{id} (GET)	1558943436303	1558943436412	OK	 
REQUEST	91		/wp/v2/posts?page/{id} (GET)	1558943436326	1558943436438	OK	 
REQUEST	90		/wp-json/wp/v2/comments (POST)	1558943436413	1558943436608	OK	 
USER	RandomPostCommentClose	90	END	1558943435938	1558943436610
USER	RandomPostCommentClose	92	START	1558943436610	1558943436610
REQUEST	91		/wp-json/wp/v2/comments (POST)	1558943436439	1558943436702	OK	 
USER	RandomPostCommentClose	91	END	1558943436010	1558943436703
USER	RandomPostCommentClose	93	START	1558943436703	1558943436703
REQUEST	93		/wp/v2/posts?{page} (GET)	1558943436705	1558943436951	OK	 
REQUEST	92		/wp/v2/posts?{page} (GET)	1558943436612	1558943437041	OK	 
USER	RandomPostCommentClose	94	START	1558943437058	1558943437058
REQUEST	93		/wp/v2/posts?page/{id} (GET)	1558943436952	1558943437145	OK	 
REQUEST	92		/wp/v2/posts?page/{id} (GET)	1558943437042	1558943437232	OK	 
REQUEST	93		/wp-json/wp/v2/comments (POST)	1558943437145	1558943437344	OK	 
USER	RandomPostCommentClose	93	END	1558943436703	1558943437345
USER	RandomPostCommentClose	95	START	1558943437345	1558943437345
REQUEST	92		/wp-json/wp/v2/comments (POST)	1558943437232	1558943437445	OK	 
USER	RandomPostCommentClose	92	END	1558943436610	1558943437446
USER	RandomPostCommentClose	96	START	1558943437446	1558943437446
REQUEST	94		/wp/v2/posts?{page} (GET)	1558943437059	1558943437571	OK	 
REQUEST	94		/wp/v2/posts?page/{id} (GET)	1558943437573	1558943437745	OK	 
REQUEST	94		/wp-json/wp/v2/comments (POST)	1558943437745	1558943437931	OK	 
USER	RandomPostCommentClose	94	END	1558943437058	1558943437932
USER	RandomPostCommentClose	97	START	1558943437932	1558943437932
REQUEST	96		/wp/v2/posts?{page} (GET)	1558943437447	1558943438003	OK	 
REQUEST	95		/wp/v2/posts?{page} (GET)	1558943437346	1558943438034	OK	 
REQUEST	96		/wp/v2/posts?page/{id} (GET)	1558943438004	1558943438152	OK	 
REQUEST	95		/wp/v2/posts?page/{id} (GET)	1558943438036	1558943438250	OK	 
REQUEST	96		/wp-json/wp/v2/comments (POST)	1558943438152	1558943438317	OK	 
USER	RandomPostCommentClose	96	END	1558943437446	1558943438318
USER	RandomPostCommentClose	98	START	1558943438319	1558943438319
REQUEST	95		/wp-json/wp/v2/comments (POST)	1558943438251	1558943438442	OK	 
USER	RandomPostCommentClose	95	END	1558943437345	1558943438443
USER	RandomPostCommentClose	99	START	1558943438443	1558943438443
REQUEST	97		/wp/v2/posts?{page} (GET)	1558943437933	1558943438532	OK	 
REQUEST	97		/wp/v2/posts?page/{id} (GET)	1558943438534	1558943438652	OK	 
REQUEST	97		/wp-json/wp/v2/comments (POST)	1558943438652	1558943438846	OK	 
USER	RandomPostCommentClose	97	END	1558943437932	1558943438846
USER	RandomPostCommentClose	100	START	1558943438846	1558943438846
REQUEST	98		/wp/v2/posts?{page} (GET)	1558943438320	1558943439101	OK	 
REQUEST	99		/wp/v2/posts?{page} (GET)	1558943438444	1558943439110	OK	 
REQUEST	98		/wp/v2/posts?page/{id} (GET)	1558943439103	1558943439237	OK	 
REQUEST	99		/wp/v2/posts?page/{id} (GET)	1558943439112	1558943439247	OK	 
REQUEST	100		/wp/v2/posts?{page} (GET)	1558943438847	1558943439502	OK	 
REQUEST	98		/wp-json/wp/v2/comments (POST)	1558943439237	1558943439515	OK	 
USER	RandomPostCommentClose	98	END	1558943438319	1558943439516
USER	RandomPostCommentClose	101	START	1558943439517	1558943439517
REQUEST	99		/wp-json/wp/v2/comments (POST)	1558943439248	1558943439543	OK	 
USER	RandomPostCommentClose	99	END	1558943438443	1558943439543
USER	RandomPostCommentClose	102	START	1558943439543	1558943439543
REQUEST	100		/wp/v2/posts?page/{id} (GET)	1558943439506	1558943439765	OK	 
REQUEST	100		/wp-json/wp/v2/comments (POST)	1558943439766	1558943439940	OK	 
USER	RandomPostCommentClose	100	END	1558943438846	1558943439941
USER	RandomPostCommentClose	103	START	1558943439941	1558943439941
REQUEST	101		/wp/v2/posts?{page} (GET)	1558943439519	1558943440102	OK	 
REQUEST	102		/wp/v2/posts?{page} (GET)	1558943439544	1558943440225	OK	 
REQUEST	101		/wp/v2/posts?page/{id} (GET)	1558943440104	1558943440239	OK	 
REQUEST	102		/wp/v2/posts?page/{id} (GET)	1558943440228	1558943440412	OK	 
REQUEST	101		/wp-json/wp/v2/comments (POST)	1558943440239	1558943440432	OK	 
USER	RandomPostCommentClose	101	END	1558943439517	1558943440433
USER	RandomPostCommentClose	104	START	1558943440433	1558943440433
REQUEST	103		/wp/v2/posts?{page} (GET)	1558943439942	1558943440511	OK	 
REQUEST	102		/wp-json/wp/v2/comments (POST)	1558943440413	1558943440604	OK	 
USER	RandomPostCommentClose	102	END	1558943439543	1558943440605
USER	RandomPostCommentClose	105	START	1558943440605	1558943440605
REQUEST	103		/wp/v2/posts?page/{id} (GET)	1558943440513	1558943440754	OK	 
REQUEST	103		/wp-json/wp/v2/comments (POST)	1558943440754	1558943440954	OK	 
USER	RandomPostCommentClose	103	END	1558943439941	1558943440954
USER	RandomPostCommentClose	106	START	1558943440954	1558943440954
USER	RandomPostCommentClose	107	START	1558943441059	1558943441059
REQUEST	105		/wp/v2/posts?{page} (GET)	1558943440607	1558943441201	OK	 
REQUEST	104		/wp/v2/posts?{page} (GET)	1558943440434	1558943441237	OK	 
REQUEST	106		/wp/v2/posts?{page} (GET)	1558943440955	1558943441322	OK	 
REQUEST	105		/wp/v2/posts?page/{id} (GET)	1558943441203	1558943441530	OK	 
REQUEST	106		/wp/v2/posts?page/{id} (GET)	1558943441324	1558943441587	OK	 
REQUEST	104		/wp/v2/posts?page/{id} (GET)	1558943441238	1558943441619	OK	 
REQUEST	106		/wp-json/wp/v2/comments (POST)	1558943441588	1558943441901	OK	 
REQUEST	105		/wp-json/wp/v2/comments (POST)	1558943441531	1558943441901	OK	 
REQUEST	104		/wp-json/wp/v2/comments (POST)	1558943441619	1558943441902	OK	 
USER	RandomPostCommentClose	105	END	1558943440605	1558943441902
USER	RandomPostCommentClose	104	END	1558943440433	1558943441902
USER	RandomPostCommentClose	109	START	1558943441902	1558943441902
USER	RandomPostCommentClose	108	START	1558943441902	1558943441902
USER	RandomPostCommentClose	106	END	1558943440954	1558943441902
USER	RandomPostCommentClose	110	START	1558943441903	1558943441903
REQUEST	107		/wp/v2/posts?{page} (GET)	1558943441060	1558943441904	OK	 
REQUEST	107		/wp/v2/posts?page/{id} (GET)	1558943441907	1558943442155	OK	 
REQUEST	107		/wp-json/wp/v2/comments (POST)	1558943442155	1558943442454	OK	 
USER	RandomPostCommentClose	107	END	1558943441059	1558943442454
USER	RandomPostCommentClose	111	START	1558943442454	1558943442454
REQUEST	108		/wp/v2/posts?{page} (GET)	1558943441903	1558943442611	OK	 
REQUEST	109		/wp/v2/posts?{page} (GET)	1558943441904	1558943442633	OK	 
REQUEST	110		/wp/v2/posts?{page} (GET)	1558943441904	1558943442668	OK	 
REQUEST	108		/wp/v2/posts?page/{id} (GET)	1558943442614	1558943442852	OK	 
REQUEST	109		/wp/v2/posts?page/{id} (GET)	1558943442635	1558943442924	OK	 
REQUEST	110		/wp/v2/posts?page/{id} (GET)	1558943442670	1558943443001	OK	 
REQUEST	111		/wp/v2/posts?{page} (GET)	1558943442455	1558943443108	OK	 
REQUEST	108		/wp-json/wp/v2/comments (POST)	1558943442853	1558943443248	OK	 
USER	RandomPostCommentClose	108	END	1558943441902	1558943443248
USER	RandomPostCommentClose	112	START	1558943443248	1558943443248
REQUEST	110		/wp-json/wp/v2/comments (POST)	1558943443002	1558943443324	OK	 
USER	RandomPostCommentClose	110	END	1558943441903	1558943443324
USER	RandomPostCommentClose	113	START	1558943443324	1558943443324
REQUEST	109		/wp-json/wp/v2/comments (POST)	1558943442925	1558943443347	OK	 
USER	RandomPostCommentClose	109	END	1558943441902	1558943443348
USER	RandomPostCommentClose	114	START	1558943443348	1558943443348
REQUEST	111		/wp/v2/posts?page/{id} (GET)	1558943443110	1558943443454	OK	 
REQUEST	111		/wp-json/wp/v2/comments (POST)	1558943443455	1558943443654	OK	 
USER	RandomPostCommentClose	111	END	1558943442454	1558943443654
USER	RandomPostCommentClose	115	START	1558943443654	1558943443654
USER	RandomPostCommentClose	116	START	1558943444058	1558943444058
REQUEST	112		/wp/v2/posts?{page} (GET)	1558943443249	1558943444103	OK	 
REQUEST	113		/wp/v2/posts?{page} (GET)	1558943443325	1558943444104	OK	 
REQUEST	114		/wp/v2/posts?{page} (GET)	1558943443349	1558943444133	OK	 
REQUEST	113		/wp/v2/posts?page/{id} (GET)	1558943444107	1558943444401	OK	 
REQUEST	114		/wp/v2/posts?page/{id} (GET)	1558943444135	1558943444409	OK	 
REQUEST	112		/wp/v2/posts?page/{id} (GET)	1558943444105	1558943444501	OK	 
REQUEST	115		/wp/v2/posts?{page} (GET)	1558943443655	1558943444520	OK	 
REQUEST	112		/wp-json/wp/v2/comments (POST)	1558943444502	1558943444754	OK	 
USER	RandomPostCommentClose	112	END	1558943443248	1558943444755
USER	RandomPostCommentClose	117	START	1558943444755	1558943444755
REQUEST	114		/wp-json/wp/v2/comments (POST)	1558943444410	1558943444815	OK	 
USER	RandomPostCommentClose	114	END	1558943443348	1558943444816
USER	RandomPostCommentClose	118	START	1558943444816	1558943444816
REQUEST	113		/wp-json/wp/v2/comments (POST)	1558943444402	1558943444840	OK	 
USER	RandomPostCommentClose	113	END	1558943443324	1558943444840
USER	RandomPostCommentClose	119	START	1558943444840	1558943444840
REQUEST	115		/wp/v2/posts?page/{id} (GET)	1558943444522	1558943445026	OK	 
REQUEST	116		/wp/v2/posts?{page} (GET)	1558943444059	1558943445221	OK	 
REQUEST	116		/wp/v2/posts?page/{id} (GET)	1558943445224	1558943445519	OK	 
REQUEST	117		/wp/v2/posts?{page} (GET)	1558943444756	1558943445542	OK	 
REQUEST	115		/wp-json/wp/v2/comments (POST)	1558943445027	1558943445621	OK	 
USER	RandomPostCommentClose	115	END	1558943443654	1558943445621
USER	RandomPostCommentClose	120	START	1558943445622	1558943445622
REQUEST	119		/wp/v2/posts?{page} (GET)	1558943444841	1558943445903	OK	 
REQUEST	118		/wp/v2/posts?{page} (GET)	1558943444818	1558943445921	OK	 
REQUEST	116		/wp-json/wp/v2/comments (POST)	1558943445520	1558943445942	OK	 
USER	RandomPostCommentClose	116	END	1558943444058	1558943445942
USER	RandomPostCommentClose	121	START	1558943445942	1558943445942
REQUEST	117		/wp/v2/posts?page/{id} (GET)	1558943445544	1558943446002	OK	 
REQUEST	118		/wp/v2/posts?page/{id} (GET)	1558943445922	1558943446214	OK	 
REQUEST	119		/wp/v2/posts?page/{id} (GET)	1558943445905	1558943446301	OK	 
REQUEST	117		/wp-json/wp/v2/comments (POST)	1558943446002	1558943446318	OK	 
USER	RandomPostCommentClose	117	END	1558943444755	1558943446319
USER	RandomPostCommentClose	122	START	1558943446319	1558943446319
REQUEST	118		/wp-json/wp/v2/comments (POST)	1558943446215	1558943446603	OK	 
USER	RandomPostCommentClose	118	END	1558943444816	1558943446603
USER	RandomPostCommentClose	123	START	1558943446603	1558943446603
REQUEST	119		/wp-json/wp/v2/comments (POST)	1558943446302	1558943446701	OK	 
USER	RandomPostCommentClose	119	END	1558943444840	1558943446702
USER	RandomPostCommentClose	124	START	1558943446703	1558943446703
REQUEST	120		/wp/v2/posts?{page} (GET)	1558943445623	1558943446823	OK	 
REQUEST	121		/wp/v2/posts?{page} (GET)	1558943445943	1558943446967	OK	 
USER	RandomPostCommentClose	125	START	1558943447059	1558943447059
REQUEST	120		/wp/v2/posts?page/{id} (GET)	1558943446826	1558943447119	OK	 
REQUEST	121		/wp/v2/posts?page/{id} (GET)	1558943446970	1558943447317	OK	 
REQUEST	120		/wp-json/wp/v2/comments (POST)	1558943447120	1558943447457	OK	 
USER	RandomPostCommentClose	120	END	1558943445622	1558943447457
USER	RandomPostCommentClose	126	START	1558943447457	1558943447457
REQUEST	122		/wp/v2/posts?{page} (GET)	1558943446320	1558943447501	OK	 
REQUEST	123		/wp/v2/posts?{page} (GET)	1558943446605	1558943447602	OK	 
REQUEST	121		/wp-json/wp/v2/comments (POST)	1558943447317	1558943447809	OK	 
USER	RandomPostCommentClose	121	END	1558943445942	1558943447810
USER	RandomPostCommentClose	127	START	1558943447811	1558943447811
REQUEST	124		/wp/v2/posts?{page} (GET)	1558943446704	1558943447909	OK	 
REQUEST	122		/wp/v2/posts?page/{id} (GET)	1558943447503	1558943447950	OK	 
REQUEST	123		/wp/v2/posts?page/{id} (GET)	1558943447605	1558943448038	OK	 
REQUEST	124		/wp/v2/posts?page/{id} (GET)	1558943447913	1558943448286	OK	 
REQUEST	125		/wp/v2/posts?{page} (GET)	1558943447059	1558943448319	OK	 
REQUEST	122		/wp-json/wp/v2/comments (POST)	1558943447951	1558943448413	OK	 
USER	RandomPostCommentClose	122	END	1558943446319	1558943448414
USER	RandomPostCommentClose	128	START	1558943448414	1558943448414
REQUEST	125		/wp/v2/posts?page/{id} (GET)	1558943448321	1558943448635	OK	 
REQUEST	124		/wp-json/wp/v2/comments (POST)	1558943448287	1558943448701	OK	 
REQUEST	123		/wp-json/wp/v2/comments (POST)	1558943448039	1558943448701	OK	 
USER	RandomPostCommentClose	123	END	1558943446603	1558943448701
USER	RandomPostCommentClose	124	END	1558943446703	1558943448701
USER	RandomPostCommentClose	129	START	1558943448702	1558943448702
USER	RandomPostCommentClose	130	START	1558943448702	1558943448702
REQUEST	126		/wp/v2/posts?{page} (GET)	1558943447458	1558943448810	OK	 
REQUEST	125		/wp-json/wp/v2/comments (POST)	1558943448635	1558943449049	OK	 
USER	RandomPostCommentClose	125	END	1558943447059	1558943449050
USER	RandomPostCommentClose	131	START	1558943449050	1558943449050
REQUEST	126		/wp/v2/posts?page/{id} (GET)	1558943448814	1558943449231	OK	 
REQUEST	127		/wp/v2/posts?{page} (GET)	1558943447812	1558943449404	OK	 
REQUEST	128		/wp/v2/posts?{page} (GET)	1558943448415	1558943449512	OK	 
REQUEST	126		/wp-json/wp/v2/comments (POST)	1558943449232	1558943449626	OK	 
USER	RandomPostCommentClose	126	END	1558943447457	1558943449627
USER	RandomPostCommentClose	132	START	1558943449627	1558943449627
REQUEST	128		/wp/v2/posts?page/{id} (GET)	1558943449514	1558943449836	OK	 
REQUEST	127		/wp/v2/posts?page/{id} (GET)	1558943449410	1558943450001	OK	 
REQUEST	130		/wp/v2/posts?{page} (GET)	1558943448703	1558943450019	OK	 
REQUEST	131		/wp/v2/posts?{page} (GET)	1558943449051	1558943450023	OK	 
REQUEST	129		/wp/v2/posts?{page} (GET)	1558943448703	1558943450023	OK	 
REQUEST	128		/wp-json/wp/v2/comments (POST)	1558943449836	1558943450217	OK	 
USER	RandomPostCommentClose	128	END	1558943448414	1558943450218
USER	RandomPostCommentClose	133	START	1558943450219	1558943450219
REQUEST	131		/wp/v2/posts?page/{id} (GET)	1558943450025	1558943450329	OK	 
REQUEST	130		/wp/v2/posts?page/{id} (GET)	1558943450020	1558943450338	OK	 
REQUEST	129		/wp/v2/posts?page/{id} (GET)	1558943450025	1558943450355	OK	 
REQUEST	127		/wp-json/wp/v2/comments (POST)	1558943450002	1558943450434	OK	 
USER	RandomPostCommentClose	127	END	1558943447811	1558943450434
USER	RandomPostCommentClose	134	START	1558943450434	1558943450434
REQUEST	131		/wp-json/wp/v2/comments (POST)	1558943450330	1558943450777	OK	 
USER	RandomPostCommentClose	131	END	1558943449050	1558943450777
USER	RandomPostCommentClose	135	START	1558943450777	1558943450777
REQUEST	129		/wp-json/wp/v2/comments (POST)	1558943450356	1558943450804	OK	 
USER	RandomPostCommentClose	129	END	1558943448702	1558943450805
USER	RandomPostCommentClose	136	START	1558943450805	1558943450805
REQUEST	130		/wp-json/wp/v2/comments (POST)	1558943450338	1558943450808	OK	 
USER	RandomPostCommentClose	130	END	1558943448702	1558943450808
USER	RandomPostCommentClose	137	START	1558943450808	1558943450808
REQUEST	132		/wp/v2/posts?{page} (GET)	1558943449628	1558943451021	OK	 
USER	RandomPostCommentClose	138	START	1558943451058	1558943451058
REQUEST	133		/wp/v2/posts?{page} (GET)	1558943450220	1558943451206	OK	 
REQUEST	132		/wp/v2/posts?page/{id} (GET)	1558943451023	1558943451401	OK	 
REQUEST	133		/wp/v2/posts?page/{id} (GET)	1558943451208	1558943451626	OK	 
REQUEST	132		/wp-json/wp/v2/comments (POST)	1558943451402	1558943451801	OK	 
USER	RandomPostCommentClose	132	END	1558943449627	1558943451802
USER	RandomPostCommentClose	139	START	1558943451802	1558943451802
REQUEST	136		/wp/v2/posts?{page} (GET)	1558943450806	1558943451802	OK	 
REQUEST	135		/wp/v2/posts?{page} (GET)	1558943450778	1558943451845	OK	 
REQUEST	134		/wp/v2/posts?{page} (GET)	1558943450435	1558943451951	OK	 
REQUEST	137		/wp/v2/posts?{page} (GET)	1558943450809	1558943452042	OK	 
REQUEST	133		/wp-json/wp/v2/comments (POST)	1558943451626	1558943452102	OK	 
USER	RandomPostCommentClose	133	END	1558943450219	1558943452102
USER	RandomPostCommentClose	140	START	1558943452102	1558943452102
REQUEST	138		/wp/v2/posts?{page} (GET)	1558943451059	1558943452237	OK	 
REQUEST	136		/wp/v2/posts?page/{id} (GET)	1558943451804	1558943452302	OK	 
REQUEST	135		/wp/v2/posts?page/{id} (GET)	1558943451847	1558943452345	OK	 
REQUEST	134		/wp/v2/posts?page/{id} (GET)	1558943451952	1558943452549	OK	 
REQUEST	138		/wp/v2/posts?page/{id} (GET)	1558943452239	1558943452638	OK	 
REQUEST	137		/wp/v2/posts?page/{id} (GET)	1558943452043	1558943452807	OK	 
REQUEST	136		/wp-json/wp/v2/comments (POST)	1558943452302	1558943452855	OK	 
USER	RandomPostCommentClose	136	END	1558943450805	1558943452855
USER	RandomPostCommentClose	141	START	1558943452855	1558943452855
REQUEST	135		/wp-json/wp/v2/comments (POST)	1558943452345	1558943452901	OK	 
USER	RandomPostCommentClose	135	END	1558943450777	1558943452902
USER	RandomPostCommentClose	142	START	1558943452902	1558943452902
REQUEST	139		/wp/v2/posts?{page} (GET)	1558943451803	1558943453203	OK	 
REQUEST	138		/wp-json/wp/v2/comments (POST)	1558943452638	1558943453229	OK	 
USER	RandomPostCommentClose	138	END	1558943451058	1558943453229
USER	RandomPostCommentClose	143	START	1558943453229	1558943453229
REQUEST	134		/wp-json/wp/v2/comments (POST)	1558943452550	1558943453316	OK	 
USER	RandomPostCommentClose	134	END	1558943450434	1558943453317
USER	RandomPostCommentClose	144	START	1558943453317	1558943453317
REQUEST	137		/wp-json/wp/v2/comments (POST)	1558943452808	1558943453440	OK	 
USER	RandomPostCommentClose	137	END	1558943450808	1558943453440
USER	RandomPostCommentClose	145	START	1558943453441	1558943453441
REQUEST	140		/wp/v2/posts?{page} (GET)	1558943452103	1558943453555	OK	 
REQUEST	139		/wp/v2/posts?page/{id} (GET)	1558943453204	1558943453615	OK	 
REQUEST	140		/wp/v2/posts?page/{id} (GET)	1558943453557	1558943453914	OK	 
REQUEST	139		/wp-json/wp/v2/comments (POST)	1558943453615	1558943454039	OK	 
USER	RandomPostCommentClose	139	END	1558943451802	1558943454039
USER	RandomPostCommentClose	146	START	1558943454040	1558943454040
USER	RandomPostCommentClose	147	START	1558943454058	1558943454058
REQUEST	140		/wp-json/wp/v2/comments (POST)	1558943453915	1558943454343	OK	 
USER	RandomPostCommentClose	140	END	1558943452102	1558943454344
USER	RandomPostCommentClose	148	START	1558943454344	1558943454344
REQUEST	141		/wp/v2/posts?{page} (GET)	1558943452856	1558943454602	OK	 
REQUEST	144		/wp/v2/posts?{page} (GET)	1558943453318	1558943454628	OK	 
REQUEST	142		/wp/v2/posts?{page} (GET)	1558943452903	1558943454709	OK	 
REQUEST	143		/wp/v2/posts?{page} (GET)	1558943453230	1558943454727	OK	 
REQUEST	145		/wp/v2/posts?{page} (GET)	1558943453441	1558943454826	OK	 
REQUEST	144		/wp/v2/posts?page/{id} (GET)	1558943454629	1558943455109	OK	 
REQUEST	141		/wp/v2/posts?page/{id} (GET)	1558943454603	1558943455130	OK	 
REQUEST	143		/wp/v2/posts?page/{id} (GET)	1558943454729	1558943455301	OK	 
REQUEST	147		/wp/v2/posts?{page} (GET)	1558943454059	1558943455432	OK	 
REQUEST	145		/wp/v2/posts?page/{id} (GET)	1558943454827	1558943455443	OK	 
REQUEST	142		/wp/v2/posts?page/{id} (GET)	1558943454710	1558943455452	OK	 
REQUEST	146		/wp/v2/posts?{page} (GET)	1558943454040	1558943455522	OK	 
REQUEST	141		/wp-json/wp/v2/comments (POST)	1558943455130	1558943455649	OK	 
USER	RandomPostCommentClose	141	END	1558943452855	1558943455649
USER	RandomPostCommentClose	149	START	1558943455649	1558943455649
REQUEST	143		/wp-json/wp/v2/comments (POST)	1558943455302	1558943455841	OK	 
USER	RandomPostCommentClose	143	END	1558943453229	1558943455841
USER	RandomPostCommentClose	150	START	1558943455841	1558943455841
REQUEST	144		/wp-json/wp/v2/comments (POST)	1558943455110	1558943455910	OK	 
USER	RandomPostCommentClose	144	END	1558943453317	1558943455910
USER	RandomPostCommentClose	151	START	1558943455911	1558943455911
REQUEST	148		/wp/v2/posts?{page} (GET)	1558943454345	1558943456020	OK	 
REQUEST	146		/wp/v2/posts?page/{id} (GET)	1558943455524	1558943456066	OK	 
REQUEST	147		/wp/v2/posts?page/{id} (GET)	1558943455433	1558943456124	OK	 
REQUEST	142		/wp-json/wp/v2/comments (POST)	1558943455453	1558943456142	OK	 
USER	RandomPostCommentClose	142	END	1558943452902	1558943456143
USER	RandomPostCommentClose	152	START	1558943456143	1558943456143
REQUEST	145		/wp-json/wp/v2/comments (POST)	1558943455443	1558943456147	OK	 
USER	RandomPostCommentClose	145	END	1558943453441	1558943456148
USER	RandomPostCommentClose	153	START	1558943456148	1558943456148
REQUEST	148		/wp/v2/posts?page/{id} (GET)	1558943456023	1558943456653	OK	 
REQUEST	146		/wp-json/wp/v2/comments (POST)	1558943456066	1558943456724	OK	 
USER	RandomPostCommentClose	146	END	1558943454040	1558943456724
USER	RandomPostCommentClose	154	START	1558943456725	1558943456725
REQUEST	147		/wp-json/wp/v2/comments (POST)	1558943456124	1558943456745	OK	 
USER	RandomPostCommentClose	147	END	1558943454058	1558943456745
USER	RandomPostCommentClose	155	START	1558943456745	1558943456745
USER	RandomPostCommentClose	156	START	1558943457058	1558943457058
REQUEST	148		/wp-json/wp/v2/comments (POST)	1558943456653	1558943457151	OK	 
USER	RandomPostCommentClose	148	END	1558943454344	1558943457151
USER	RandomPostCommentClose	157	START	1558943457152	1558943457152
REQUEST	149		/wp/v2/posts?{page} (GET)	1558943455650	1558943457165	OK	 
REQUEST	151		/wp/v2/posts?{page} (GET)	1558943455912	1558943457402	OK	 
REQUEST	149		/wp/v2/posts?page/{id} (GET)	1558943457166	1558943457647	OK	 
REQUEST	151		/wp/v2/posts?page/{id} (GET)	1558943457404	1558943457916	OK	 
REQUEST	154		/wp/v2/posts?{page} (GET)	1558943456725	1558943457916	OK	 
REQUEST	150		/wp/v2/posts?{page} (GET)	1558943455842	1558943457904	OK	 
REQUEST	152		/wp/v2/posts?{page} (GET)	1558943456144	1558943457916	OK	 
REQUEST	153		/wp/v2/posts?{page} (GET)	1558943456148	1558943458008	OK	 
REQUEST	155		/wp/v2/posts?{page} (GET)	1558943456746	1558943458301	OK	 
REQUEST	149		/wp-json/wp/v2/comments (POST)	1558943457648	1558943458315	OK	 
USER	RandomPostCommentClose	149	END	1558943455649	1558943458315
USER	RandomPostCommentClose	158	START	1558943458316	1558943458316
REQUEST	154		/wp/v2/posts?page/{id} (GET)	1558943457917	1558943458444	OK	 
REQUEST	152		/wp/v2/posts?page/{id} (GET)	1558943457918	1558943458542	OK	 
REQUEST	151		/wp-json/wp/v2/comments (POST)	1558943457917	1558943458601	OK	 
USER	RandomPostCommentClose	151	END	1558943455911	1558943458602
USER	RandomPostCommentClose	159	START	1558943458602	1558943458602
REQUEST	150		/wp/v2/posts?page/{id} (GET)	1558943457917	1558943458617	OK	 
REQUEST	153		/wp/v2/posts?page/{id} (GET)	1558943458012	1558943458627	OK	 
REQUEST	157		/wp/v2/posts?{page} (GET)	1558943457152	1558943458703	OK	 
REQUEST	156		/wp/v2/posts?{page} (GET)	1558943457059	1558943458821	OK	 
REQUEST	154		/wp-json/wp/v2/comments (POST)	1558943458445	1558943459053	OK	 
USER	RandomPostCommentClose	154	END	1558943456725	1558943459053
USER	RandomPostCommentClose	160	START	1558943459054	1558943459054
REQUEST	155		/wp/v2/posts?page/{id} (GET)	1558943458303	1558943459133	OK	 
REQUEST	152		/wp-json/wp/v2/comments (POST)	1558943458543	1558943459143	OK	 
USER	RandomPostCommentClose	152	END	1558943456143	1558943459144
USER	RandomPostCommentClose	161	START	1558943459144	1558943459144
REQUEST	150		/wp-json/wp/v2/comments (POST)	1558943458618	1558943459206	OK	 
USER	RandomPostCommentClose	150	END	1558943455841	1558943459207
USER	RandomPostCommentClose	162	START	1558943459207	1558943459207
REQUEST	153		/wp-json/wp/v2/comments (POST)	1558943458628	1558943459244	OK	 
USER	RandomPostCommentClose	153	END	1558943456148	1558943459245
USER	RandomPostCommentClose	163	START	1558943459245	1558943459245
REQUEST	157		/wp/v2/posts?page/{id} (GET)	1558943458706	1558943459333	OK	 
REQUEST	156		/wp/v2/posts?page/{id} (GET)	1558943458823	1558943459408	OK	 
REQUEST	155		/wp-json/wp/v2/comments (POST)	1558943459133	1558943459733	OK	 
USER	RandomPostCommentClose	155	END	1558943456745	1558943459733
USER	RandomPostCommentClose	164	START	1558943459733	1558943459733
REQUEST	157		/wp-json/wp/v2/comments (POST)	1558943459334	1558943459830	OK	 
USER	RandomPostCommentClose	157	END	1558943457152	1558943459831
USER	RandomPostCommentClose	165	START	1558943459831	1558943459831
REQUEST	156		/wp-json/wp/v2/comments (POST)	1558943459409	1558943459938	OK	 
USER	RandomPostCommentClose	156	END	1558943457058	1558943459938
USER	RandomPostCommentClose	166	START	1558943459939	1558943459939
REQUEST	159		/wp/v2/posts?{page} (GET)	1558943458602	1558943460502	OK	 
REQUEST	162		/wp/v2/posts?{page} (GET)	1558943459208	1558943460611	OK	 
REQUEST	158		/wp/v2/posts?{page} (GET)	1558943458316	1558943460764	OK	 
REQUEST	160		/wp/v2/posts?{page} (GET)	1558943459054	1558943460797	OK	 
REQUEST	161		/wp/v2/posts?{page} (GET)	1558943459145	1558943460897	OK	 
USER	RandomPostCommentClose	167	START	1558943461059	1558943461059
REQUEST	159		/wp/v2/posts?page/{id} (GET)	1558943460503	1558943461101	OK	 
REQUEST	164		/wp/v2/posts?{page} (GET)	1558943459734	1558943461102	OK	 
REQUEST	163		/wp/v2/posts?{page} (GET)	1558943459245	1558943461131	OK	 
REQUEST	162		/wp/v2/posts?page/{id} (GET)	1558943460613	1558943461210	OK	 
REQUEST	158		/wp/v2/posts?page/{id} (GET)	1558943460765	1558943461321	OK	 
REQUEST	160		/wp/v2/posts?page/{id} (GET)	1558943460798	1558943461402	OK	 
REQUEST	161		/wp/v2/posts?page/{id} (GET)	1558943460898	1558943461502	OK	 
REQUEST	166		/wp/v2/posts?{page} (GET)	1558943459939	1558943461554	OK	 
REQUEST	164		/wp/v2/posts?page/{id} (GET)	1558943461104	1558943461651	OK	 
REQUEST	163		/wp/v2/posts?page/{id} (GET)	1558943461133	1558943461737	OK	 
REQUEST	162		/wp-json/wp/v2/comments (POST)	1558943461210	1558943461902	OK	 
REQUEST	159		/wp-json/wp/v2/comments (POST)	1558943461101	1558943461902	OK	 
USER	RandomPostCommentClose	162	END	1558943459207	1558943461903
USER	RandomPostCommentClose	159	END	1558943458602	1558943461903
USER	RandomPostCommentClose	168	START	1558943461903	1558943461903
USER	RandomPostCommentClose	169	START	1558943461903	1558943461903
REQUEST	165		/wp/v2/posts?{page} (GET)	1558943459832	1558943461911	OK	 
REQUEST	158		/wp-json/wp/v2/comments (POST)	1558943461321	1558943462010	OK	 
USER	RandomPostCommentClose	158	END	1558943458316	1558943462011
USER	RandomPostCommentClose	170	START	1558943462011	1558943462011
REQUEST	160		/wp-json/wp/v2/comments (POST)	1558943461403	1558943462031	OK	 
USER	RandomPostCommentClose	160	END	1558943459054	1558943462032
USER	RandomPostCommentClose	171	START	1558943462032	1558943462032
REQUEST	166		/wp/v2/posts?page/{id} (GET)	1558943461556	1558943462122	OK	 
REQUEST	161		/wp-json/wp/v2/comments (POST)	1558943461503	1558943462211	OK	 
USER	RandomPostCommentClose	161	END	1558943459144	1558943462212
USER	RandomPostCommentClose	172	START	1558943462212	1558943462212
REQUEST	164		/wp-json/wp/v2/comments (POST)	1558943461652	1558943462409	OK	 
USER	RandomPostCommentClose	164	END	1558943459733	1558943462410
USER	RandomPostCommentClose	173	START	1558943462410	1558943462410
REQUEST	163		/wp-json/wp/v2/comments (POST)	1558943461738	1558943462501	OK	 
USER	RandomPostCommentClose	163	END	1558943459245	1558943462502
USER	RandomPostCommentClose	174	START	1558943462502	1558943462502
REQUEST	165		/wp/v2/posts?page/{id} (GET)	1558943461914	1558943462635	OK	 
REQUEST	166		/wp-json/wp/v2/comments (POST)	1558943462123	1558943462824	OK	 
USER	RandomPostCommentClose	166	END	1558943459939	1558943462825
USER	RandomPostCommentClose	175	START	1558943462825	1558943462825
REQUEST	167		/wp/v2/posts?{page} (GET)	1558943461060	1558943462902	OK	 
REQUEST	165		/wp-json/wp/v2/comments (POST)	1558943462636	1558943463262	OK	 
USER	RandomPostCommentClose	165	END	1558943459831	1558943463262
REQUEST	167		/wp/v2/posts?page/{id} (GET)	1558943462904	1558943463430	OK	 
REQUEST	169		/wp/v2/posts?{page} (GET)	1558943461905	1558943463604	OK	 
REQUEST	170		/wp/v2/posts?{page} (GET)	1558943462012	1558943463614	OK	 
REQUEST	168		/wp/v2/posts?{page} (GET)	1558943461904	1558943463617	OK	 
REQUEST	173		/wp/v2/posts?{page} (GET)	1558943462412	1558943463907	OK	 
REQUEST	171		/wp/v2/posts?{page} (GET)	1558943462033	1558943464009	OK	 
REQUEST	167		/wp-json/wp/v2/comments (POST)	1558943463430	1558943464057	OK	 
USER	RandomPostCommentClose	167	END	1558943461059	1558943464057
REQUEST	169		/wp/v2/posts?page/{id} (GET)	1558943463607	1558943464144	OK	 
REQUEST	168		/wp/v2/posts?page/{id} (GET)	1558943463621	1558943464205	OK	 
REQUEST	170		/wp/v2/posts?page/{id} (GET)	1558943463616	1558943464205	OK	 
REQUEST	174		/wp/v2/posts?{page} (GET)	1558943462502	1558943464233	OK	 
REQUEST	172		/wp/v2/posts?{page} (GET)	1558943462213	1558943464418	OK	 
REQUEST	173		/wp/v2/posts?page/{id} (GET)	1558943463911	1558943464429	OK	 
REQUEST	175		/wp/v2/posts?{page} (GET)	1558943462826	1558943464530	OK	 
REQUEST	171		/wp/v2/posts?page/{id} (GET)	1558943464013	1558943464619	OK	 
REQUEST	168		/wp-json/wp/v2/comments (POST)	1558943464205	1558943464705	OK	 
USER	RandomPostCommentClose	168	END	1558943461903	1558943464706
REQUEST	169		/wp-json/wp/v2/comments (POST)	1558943464144	1558943464708	OK	 
USER	RandomPostCommentClose	169	END	1558943461903	1558943464709
REQUEST	170		/wp-json/wp/v2/comments (POST)	1558943464206	1558943464721	OK	 
USER	RandomPostCommentClose	170	END	1558943462011	1558943464722
REQUEST	174		/wp/v2/posts?page/{id} (GET)	1558943464236	1558943464742	OK	 
REQUEST	172		/wp/v2/posts?page/{id} (GET)	1558943464420	1558943464856	OK	 
REQUEST	173		/wp-json/wp/v2/comments (POST)	1558943464430	1558943464906	OK	 
USER	RandomPostCommentClose	173	END	1558943462410	1558943464907
REQUEST	175		/wp/v2/posts?page/{id} (GET)	1558943464531	1558943464927	OK	 
REQUEST	171		/wp-json/wp/v2/comments (POST)	1558943464620	1558943464951	OK	 
USER	RandomPostCommentClose	171	END	1558943462032	1558943464951
REQUEST	174		/wp-json/wp/v2/comments (POST)	1558943464743	1558943465043	OK	 
USER	RandomPostCommentClose	174	END	1558943462502	1558943465043
REQUEST	172		/wp-json/wp/v2/comments (POST)	1558943464856	1558943465149	OK	 
USER	RandomPostCommentClose	172	END	1558943462212	1558943465150
REQUEST	175		/wp-json/wp/v2/comments (POST)	1558943464928	1558943465150	OK	 
USER	RandomPostCommentClose	175	END	1558943462825	1558943465151
